1379451902 8 7
1379451902 8 7 8 7
1379451602 7 2 7 2
1379451600 7 2 7 3
1379451300 7 3 8 4
1379451000 8 4 12 8
1379450700 12 8 12 10
1379450400 11 9 12 10
1379450100 9 6 10 7
1379449800 5 2 6 4
1379449500 6 4 7 5
1379449200 7 5 8 7
1379448900 7 6 8 7
1379448600 5 4 6 5
1379448300 4 4 7 6
1379448000 7 6 8 8
1379447700 8 8 11 11
1379447400 10 10 11 11
1379447100 5 3 5 4
1379446800 5 4 6 8
1379446500 6 7 9 8
1379446200 9 7 18 15
1379445900 17 14 18 15
1379445600 8 5 14 8
1379445300 13 8 14 9
1379445000 11 8 12 9
1379444700 12 7 15 12
1379444400 14 12 15 15
1379444100 12 14 13 15
1379443800 6 3 12 7
1379443500 12 7 13 7
1379443200 12 7 13 8
1379442900 9 7 10 8
1379442600 6 6 7 8
1379442300 7 8 9 8
1379442000 9 8 11 10
1379441700 11 10 13 12
1379441400 12 11 13 12
1379441100 6 4 6 5
1379440800 5 5 6 5
1379440500 5 5 6 5
1379440200 6 5 7 6
1379439900 6 5 7 6
1379439600 5 2 6 4
1379439300 6 3 6 4
1379439000 5 3 6 3
1379438700 4 3 13 12
1379438400 12 11 13 12
1379438100 6 3 7 4
1379437800 5 2 15 9
1379437500 14 8 15 9
1379437200 7 2 11 9
1379436900 10 8 11 9
1379436600 9 7 10 8
1379436300 7 4 8 6
1379436000 8 6 8 7
1379435700 8 6 9 7
1379435400 8 5 9 6
1379435100 6 3 9 4
1379434800 8 2 9 3
1379434500 6 2 7 3
1379434200 7 1 8 4
1379433900 7 3 8 4
1379433600 4 1 9 3
1379433300 8 3 9 5
1379433000 7 4 7 5
1379432700 7 4 9 6
1379432400 8 5 9 6
1379432100 4 1 5 2
1379431800 5 1 10 7
1379431500 10 6 10 7
1379431200 9 3 10 4
1379430900 5 4 11 7
1379430600 10 6 11 7
1379430300 9 5 10 6
1379430000 9 5 11 6
1379429700 10 6 11 7
1379429400 9 7 9 7
1379429100 8 7 9 7
1379428800 8 7 10 7
1379428500 10 6 10 7
1379428200 10 4 14 10
1379427900 13 9 14 10
1379427600 8 2 9 4
1379427300 6 4 6 6
1379427000 6 6 9 6
1379426700 8 5 9 6
1379426400 7 3 10 4
1379426100 10 3 10 4
1379425800 9 4 10 6
1379425500 8 5 10 6
1379425200 9 4 10 5
1379424900 7 5 11 5
1379424600 10 4 11 5
1379424300 7 2 9 5
1379424000 8 4 9 5
1379423700 7 3 8 4
1379423400 5 3 10 3
1379423100 9 3 10 3
1379422800 8 3 8 4
1379422500 8 4 11 4
1379422200 10 4 11 4
1379421900 9 4 13 6
1379421600 13 6 13 6
1379421300 12 5 13 6
1379421000 6 4 12 10
1379420700 12 9 13 10
1379420400 12 7 13 8
1379420100 9 3 9 4
1379419800 9 4 9 5
1379419500 9 4 9 5
1379419200 8 3 9 4
1379418900 5 4 8 7
1379418600 7 6 8 7
1379418300 4 2 11 12
1379418000 10 11 11 12
1379417700 9 4 12 7
1379417400 12 7 13 9
1379417100 12 8 13 9
1379416800 7 2 7 3
1379416500 6 2 7 3
1379416200 6 3 10 4
1379415900 9 3 10 4
1379415600 6 3 7 3
1379415300 4 3 9 5
1379415000 8 5 9 5
1379414700 5 4 8 5
1379414400 7 3 8 6
1379414100 6 5 8 6
1379413800 8 3 9 4
1379413500 8 2 9 6
1379413200 8 6 8 7
1379412900 7 6 8 7
1379412600 5 3 11 7
1379412300 10 7 11 7
1379412000 9 6 10 7
1379411700 10 5 12 9
1379411400 11 8 12 9
1379411100 10 7 10 8
1379410800 10 5 15 10
1379410500 14 9 15 10
1379410200 11 5 12 5
1379409900 9 5 15 9
1379409600 14 8 15 9
1379409300 10 4 11 6
1379409000 9 6 15 12
1379408700 14 11 15 12
1379408400 7 3 8 4
1379408100 7 1 10 6
1379407800 9 5 10 6
1379407500 7 2 7 2
1379407200 7 2 9 3
1379406900 9 3 11 8
1379406600 10 7 11 8
1379406300 7 2 8 4
1379406000 8 4 15 11
1379405700 14 10 15 11
1379405400 9 5 9 6
1379405100 9 5 16 13
1379404800 15 12 16 13
1379404500 7 3 7 4
1379404200 7 3 10 8
1379403900 9 7 10 8
1379403600 8 6 11 7
1379403300 11 6 16 16
1379403000 15 15 16 16
1379402700 12 9 13 10
1379402400 10 6 11 8
1379402100 7 6 7 8
1379401800 7 1 9 3
1379401500 9 3 12 7
1379401200 11 6 12 7
1379400900 8 4 9 5
1379400600 4 4 8 5
1379400300 8 3 8 4
1379400000 8 4 12 5
1379399700 11 5 12 6
1379399400 9 6 10 7
1379399100 9 6 12 7
1379398800 11 2 12 5
1379398500 9 4 10 5
1379398200 10 3 12 4
1379397900 11 4 12 4
1379397600 7 4 7 6
1379397300 7 5 7 6
1379397000 7 1 8 5
1379396700 8 5 10 11
1379396400 10 10 10 11
1379396100 9 7 10 8
1379395800 6 1 10 11
1379395500 9 10 10 11
1379395200 8 5 12 6
1379394900 12 6 14 12
1379394600 14 12 15 13
1379394300 14 12 15 13
1379394000 13 4 14 9
1379393700 14 8 15 9
1379393400 14 7 15 8
1379393100 10 7 11 8
1379392800 8 5 9 6
1379392500 7 3 8 4
1379392200 6 1 6 4
1379391900 6 4 9 5
1379391600 8 5 9 6
1379391300 7 5 7 6
1379391000 7 2 13 10
1379390700 12 9 13 10
1379390400 10 6 11 10
1379390100 11 10 17 14
1379389800 16 13 17 14
1379389500 8 4 9 4
1379389200 8 3 9 4
1379388900 5 3 10 5
1379388600 10 5 11 6
1379388300 10 5 11 6
1379388000 5 3 9 3
1379387700 9 3 11 10
1379387400 11 10 13 10
1379387100 13 9 18 10
1379386800 17 7 18 8
1379386500 10 6 11 7
1379386200 9 4 11 7
1379385900 11 7 14 8
1379385600 14 8 14 10
1379385300 13 9 14 10
1379385000 11 6 12 7
1379384700 9 5 10 7
1379384400 10 7 13 8
1379384100 12 7 13 8
1379383800 10 6 11 7
1379383500 4 2 8 3
1379383200 7 2 8 4
1379382900 5 4 9 6
1379382600 9 6 21 13
1379382300 20 12 21 13
1379382000 6 3 9 4
1379381700 8 4 9 5
1379381400 6 4 8 5
1379381100 8 3 13 11
1379380800 12 10 13 11
1379380500 6 3 7 3
1379380200 7 3 14 9
1379379900 13 8 14 9
1379379600 7 3 10 6
1379379300 9 5 10 6
1379379000 9 3 10 5
1379378700 9 5 10 6
1379378400 6 6 11 8
1379378100 10 7 11 8
1379377800 7 7 15 13
1379377500 14 12 15 13
1379377200 8 3 12 11
1379376900 11 10 12 11
1379376600 7 6 10 7
1379376300 10 7 12 8
1379376000 12 8 13 8
1379375700 12 7 13 8
1379375400 9 5 13 6
1379375100 12 5 13 8
1379374800 12 8 17 11
1379374500 16 10 17 11
1379374200 11 2 12 4
1379373900 11 4 12 6
1379373600 9 5 10 6
1379373300 6 4 8 4
1379373000 8 4 8 4
1379372700 8 4 11 7
1379372400 11 7 14 7
1379372100 14 7 15 7
1379371800 14 7 15 9
1379371500 9 8 10 9
1379371200 5 4 6 6
1379370900 6 6 18 14
1379370600 17 13 18 14
1379370300 10 6 11 7
1379370000 6 5 11 6
1379369700 11 5 16 11
1379369400 15 10 16 11
1379369100 10 6 11 7
1379368800 9 5 10 6
1379368500 5 5 11 9
1379368200 11 9 19 10
1379367900 18 10 19 14
1379367600 14 13 16 14
1379367300 7 7 12 7
1379367000 12 7 24 19
1379366700 23 18 24 19
1379366400 8 2 9 3
1379366100 9 3 16 9
1379365800 15 8 16 9
1379365500 10 4 12 6
1379365200 11 6 12 6
1379364900 10 5 11 6
1379364600 9 3 10 4
1379364300 7 3 12 8
1379364000 11 7 12 8
1379363700 9 4 10 4
1379363400 8 4 9 8
1379363100 7 8 11 12
1379362800 11 11 13 12
1379362500 12 5 13 6
1379362200 8 4 12 5
1379361900 12 5 13 8
1379361600 13 7 16 8
1379361300 15 6 16 10
1379361000 13 9 14 10
1379360700 9 8 10 9
1379360400 9 4 16 11
1379360100 15 10 16 11
1379359800 7 4 8 6
1379359500 6 6 7 6
1379359200 4 5 9 6
1379358900 9 4 13 5
1379358600 12 5 13 9
1379358300 7 8 13 9
1379358000 12 6 13 7
1379357700 9 5 10 6
1379357400 5 3 16 12
1379357100 15 11 16 12
1379356800 5 5 12 6
1379356500 11 5 12 6
1379356200 10 5 10 9
1379355900 10 8 11 9
1379355600 10 5 11 8
1379355300 10 7 10 8
1379355000 9 5 10 6
1379354700 8 3 9 6
1379354400 8 5 9 6
1379354100 7 4 8 4
1379353800 8 4 9 5
1379353500 9 5 10 8
1379353200 9 7 10 8
1379352900 7 6 12 9
1379352600 11 9 12 9
1379352300 9 8 10 9
1379352000 9 6 12 7
1379351700 11 4 12 5
1379351400 11 3 11 5
1379351100 11 4 11 5
1379350800 11 2 14 6
1379350500 13 5 14 6
1379350200 10 3 11 7
1379349900 10 7 15 13
1379349600 14 12 15 13
1379349300 7 7 8 8
1379349000 6 5 6 7
1379348700 6 6 6 7
1379348400 6 2 8 4
1379348100 7 3 8 4
1379347800 5 2 9 4
1379347500 8 4 9 4
1379347200 8 4 8 4
1379346900 8 4 8 4
1379346600 8 4 11 8
1379346300 11 7 11 8
1379346000 11 6 15 11
1379345700 14 10 15 11
1379345400 9 3 10 8
1379345100 10 8 17 13
1379344800 16 12 17 13
1379344500 11 10 12 10
1379344200 11 10 15 10
1379343900 14 9 15 10
1379343600 5 7 15 13
1379343300 14 12 15 13
1379343000 6 6 8 6
1379342700 7 5 8 6
1379342400 7 2 7 6
1379342100 6 5 7 6
1379341800 4 3 7 5
1379341500 7 4 9 5
1379341200 8 4 9 4
1379340900 7 4 8 4
1379340600 8 4 13 6
1379340300 12 5 13 6
1379340000 8 5 9 8
1379339700 9 7 10 8
1379339400 9 2 10 4
1379339100 6 3 7 4
1379338800 6 3 10 7
1379338500 10 7 16 12
1379338200 15 11 16 12
1379337900 13 6 14 7
1379337600 9 5 12 13
1379337300 11 12 12 13
1379337000 5 4 7 6
1379336700 7 6 10 9
1379336400 9 8 10 9
1379336100 4 2 5 3
1379335800 4 1 5 4
1379335500 5 4 7 7
1379335200 7 7 14 9
1379334900 13 8 14 9
1379334600 7 3 8 4
1379334300 7 4 10 5
1379334000 9 4 10 5
1379333700 7 1 8 2
1379333400 6 1 6 1
1379333100 6 1 6 1
1379332800 6 1 6 1
1379332500 6 1 6 1
1379332200 6 1 6 1
1379331900 6 1 6 1
1379331600 6 1 6 1
1379331300 6 1 6 1
1379331000 6 1 6 1
1379330700 6 1 6 1
1379330400 6 1 6 1
1379330100 6 1 6 1
1379329800 6 1 6 1
1379329500 6 1 6 1
1379329200 6 1 6 1
1379328900 6 1 6 1
1379328600 6 1 6 1
1379328300 6 1 6 1
1379328000 6 1 6 1
1379327700 6 1 6 1
1379327400 6 1 6 1
1379327100 6 1 6 1
1379326800 6 1 6 1
1379326500 6 1 6 1
1379326200 6 1 6 1
1379325900 6 1 6 1
1379325600 6 1 6 1
1379325300 6 1 6 1
1379325000 6 1 6 1
1379324700 6 1 6 1
1379324400 6 1 6 1
1379324100 6 1 6 1
1379323800 6 1 6 1
1379323500 6 1 6 1
1379323200 6 1 6 1
1379322900 6 1 6 1
1379322600 6 1 6 1
1379322300 6 1 6 1
1379322000 6 1 6 1
1379321700 6 1 6 1
1379321400 6 1 6 1
1379321100 6 1 6 1
1379320800 6 1 6 1
1379320500 6 1 6 1
1379320200 6 1 6 1
1379319900 6 1 6 1
1379319600 6 1 6 1
1379319300 6 1 6 1
1379319000 6 1 6 1
1379318700 6 1 6 1
1379318400 6 1 6 1
1379318100 6 1 6 1
1379317800 6 1 6 1
1379317500 6 1 6 1
1379317200 6 1 6 1
1379316900 6 1 6 1
1379316600 6 1 6 1
1379316300 6 1 6 1
1379316000 6 1 6 2
1379315700 7 4 12 10
1379315400 11 9 12 10
1379315100 5 2 6 2
1379314800 5 2 13 9
1379314500 12 8 13 9
1379314200 7 5 8 7
1379313900 7 7 10 10
1379313600 9 9 10 10
1379313300 4 3 4 3
1379313000 4 3 9 5
1379312700 8 4 9 5
1379312400 6 3 7 4
1379312100 6 2 6 4
1379311800 5 3 6 4
1379311500 5 1 5 4
1379311200 5 4 6 5
1379310900 6 4 6 5
1379310600 5 2 6 3
1379310300 2 1 3 1
1379310000 2 1 2 1
1379309700 2 1 5 2
1379309400 4 1 5 2
1379309100 2 1 3 1
1379308800 3 1 3 2
1379308500 2 1 3 2
1379308200 2 1 5 5
1379307900 4 4 5 5
1379307600 2 1 3 1
1379307300 2 1 4 2
1379307000 4 1 12 2
1379306700 11 1 12 3
1379306400 4 3 13 11
1379306100 12 10 13 11
1379305800 5 1 6 2
1379305500 3 1 12 10
1379305200 11 9 12 10
1379304900 7 6 7 7
1379304600 6 5 7 5
1379304300 6 4 6 5
1379304000 5 2 6 3
1379303700 3 2 7 5
1379303400 6 4 7 5
1379303100 5 2 6 2
1379302800 4 2 8 8
1379302500 7 7 8 8
1379302200 3 1 11 6
1379301900 10 6 11 7
1379301600 8 6 9 7
1379301300 3 1 4 2
1379301000 3 1 4 2
1379300700 4 1 8 3
1379300400 7 3 8 5
1379300100 5 5 16 9
1379299800 15 8 16 9
1379299500 4 3 5 4
1379299200 3 3 5 4
1379298900 5 4 13 13
1379298600 12 12 13 13
1379298300 6 3 7 4
1379298000 4 1 8 7
1379297700 7 6 8 7
1379297400 6 3 6 4
1379297100 6 4 12 12
1379296800 11 11 12 12
1379296500 3 2 4 3
1379296200 3 1 4 5
1379295900 4 5 5 5
1379295600 5 5 6 5
1379295300 5 4 6 5
1379295000 2 1 3 1
1379294700 2 1 4 2
1379294400 4 2 6 4
1379294100 6 4 7 5
1379293800 6 4 7 5
1379293500 3 2 5 3
1379293200 5 3 7 6
1379292900 7 6 9 8
1379292600 8 7 9 8
1379292300 6 5 7 6
1379292000 4 1 6 4
1379291700 6 3 7 4
1379291400 7 3 13 9
1379291100 12 8 13 9
1379290800 9 5 10 5
1379290500 7 5 9 8
1379290200 9 7 11 8
1379289900 10 6 11 6
1379289600 9 6 19 18
1379289300 18 17 19 18
1379289000 4 1 5 2
1379288700 3 2 4 2
1379288400 4 2 6 5
1379288100 6 5 6 5
1379287800 5 4 6 5
1379287500 3 2 4 2
1379287200 3 2 5 3
1379286900 5 3 6 6
1379286600 6 6 9 9
1379286300 8 8 9 9
1379286000 3 2 4 2
1379285700 4 2 9 4
1379285400 8 3 9 4
1379285100 4 2 7 6
1379284800 6 5 7 6
1379284500 5 2 9 2
1379284200 8 2 9 5
1379283900 5 4 6 5
1379283600 5 4 8 7
1379283300 7 6 8 7
1379283000 5 2 6 6
1379282700 5 5 6 6
1379282400 3 2 5 3
1379282100 5 2 8 7
1379281800 7 6 8 7
1379281500 2 1 3 2
1379281200 3 2 6 6
1379280900 5 5 6 6
1379280600 3 2 7 5
1379280300 7 5 8 7
1379280000 7 6 8 7
1379279700 3 1 6 5
1379279400 6 4 6 5
1379279100 5 3 6 4
1379278800 4 3 6 6
1379278500 5 5 6 6
1379278200 4 2 10 10
1379277900 9 9 10 10
1379277600 4 4 11 7
1379277300 10 7 11 8
1379277000 7 7 8 8
1379276700 4 2 5 3
1379276400 4 1 4 2
1379276100 4 1 5 2
1379275800 4 1 5 2
1379275500 4 1 4 2
1379275200 4 1 4 2
1379274900 4 1 8 2
1379274600 7 2 8 5
1379274300 6 4 7 5
1379274000 5 3 6 4
1379273700 2 1 6 4
1379273400 6 3 43 4
1379273100 42 2 43 4
1379272800 5 4 8 6
1379272500 7 5 8 6
1379272200 5 2 5 3
1379271900 5 3 8 7
1379271600 5 2 8 7
1379269800 4 1 13 8
1379268000 6 2 13 8
1379266200 7 6 15 14
1379264400 3 2 10 10
1379262600 7 3 12 12
1379260800 4 1 8 2
1379259000 5 1 8 5
1379257200 5 1 7 2
1379255400 6 1 8 2
1379253600 7 1 10 4
1379251800 6 1 10 4
1379250000 6 1 9 8
1379248200 4 2 8 8
1379246400 7 5 12 12
1379244600 6 3 11 8
1379242800 3 1 8 4
1379241000 4 2 9 4
1379239200 3 1 8 5
1379237400 7 5 12 13
1379235600 5 4 12 13
1379233800 5 4 9 8
1379232000 5 3 11 7
1379230200 8 2 13 7
1379228400 3 2 7 7
1379226600 4 2 6 4
1379224800 5 2 11 8
1379223000 4 1 10 7
1379221200 3 1 7 6
1379219400 12 2 47 9
1379217600 5 2 11 7
1379215800 5 3 20 14
1379214000 7 5 20 14
1379212200 4 2 10 8
1379210400 5 3 12 9
1379208600 6 3 12 9
1379206800 4 3 9 7
1379205000 3 2 6 7
1379203200 4 2 9 8
1379201400 3 1 11 6
1379199600 5 2 11 7
1379197800 4 4 12 11
1379196000 4 2 7 4
1379194200 7 3 13 11
1379192400 4 3 11 9
1379190600 4 4 11 9
1379188800 5 4 11 10
1379187000 6 3 12 11
1379185200 6 4 14 13
1379183400 5 2 11 6
1379181600 7 4 14 11
1379179800 11 2 42 11
1379178000 5 2 9 8
1379176200 5 3 9 8
1379174400 4 2 9 5
1379172600 3 2 6 5
1379170800 6 2 10 7
1379169000 6 4 11 10
1379167200 5 3 10 7
1379165400 5 3 11 11
1379163600 3 3 9 8
1379161800 4 3 8 6
1379160000 6 4 10 9
1379158200 4 2 8 6
1379156400 2 1 7 6
1379154600 3 1 11 10
1379152800 4 2 8 7
1379151000 3 2 5 4
1379149200 5 3 8 7
1379147400 7 3 10 6
1379145600 5 2 10 5
1379143800 6 2 10 8
1379142000 4 3 8 8
1379140200 5 3 8 5
1379138400 3 1 5 5
1379136600 3 1 6 5
1379134800 6 4 16 13
1379133000 4 3 11 9
1379131200 4 2 5 5
1379129400 4 2 10 5
1379127600 5 3 10 10
1379125800 6 4 15 14
1379124000 6 2 9 8
1379122200 6 3 11 6
1379120400 4 2 8 7
1379118600 4 3 11 12
1379116800 4 3 11 12
1379115000 5 2 8 6
1379113200 6 3 9 8
1379111400 5 3 10 6
1379109600 4 2 9 5
1379107800 3 1 6 3
1379106000 5 3 11 11
1379104200 3 2 6 5
1379102400 4 2 9 5
1379100600 5 3 9 9
1379098800 5 3 12 9
1379097000 4 3 9 8
1379095200 4 2 8 5
1379093400 3 2 7 5
1379091600 4 3 9 9
1379089800 3 1 6 6
1379088000 6 3 11 9
1379086200 4 2 9 8
1379084400 4 2 10 8
1379082600 4 2 14 11
1379080800 5 3 14 11
1379079000 4 1 6 5
1379077200 2 1 6 3
1379075400 6 3 11 7
1379073600 6 4 14 14
1379071800 6 4 13 13
1379070000 3 2 7 5
1379068200 3 1 6 3
1379066400 4 2 7 7
1379064600 4 2 11 10
1379062800 7 4 16 14
1379061000 6 3 8 7
1379059200 3 1 6 6
1379057400 6 2 13 11
1379055600 5 4 16 17
1379053800 4 2 8 7
1379052000 8 4 13 9
1379050200 3 2 9 6
1379048400 4 2 8 6
1379046600 6 4 10 9
1379044800 3 2 8 6
1379043000 3 2 12 9
1379041200 6 3 12 9
1379039400 4 3 8 5
1379037600 4 3 10 9
1379035800 2 1 5 3
1379034000 4 2 9 5
1379032200 3 2 9 9
1379030400 3 2 7 7
1379028600 6 5 11 10
1379026800 6 4 12 9
1379025000 5 3 9 8
1379023200 4 3 7 7
1379021400 6 4 13 13
1379019600 8 5 15 11
1379017800 5 2 12 11
1379016000 9 6 19 15
1379014200 5 3 9 7
1379012400 6 6 11 10
1379010600 5 3 8 8
1379008800 4 2 7 5
1379007000 5 3 9 8
1379005200 6 3 12 12
1379003400 5 2 9 7
1379001600 4 2 9 9
1378999800 3 2 9 9
1378998000 4 2 7 6
1378996200 4 1 8 3
1378994400 5 2 9 7
1378992600 5 4 10 9
1378990800 4 2 7 6
1378989000 5 2 9 6
1378987200 4 2 6 5
1378985400 3 3 8 6
1378983600 3 2 7 6
1378981800 4 1 9 6
1378980000 5 2 9 7
1378978200 5 3 9 8
1378976400 5 4 10 9
1378974600 4 2 13 14
1378972800 4 3 13 14
1378971000 4 1 8 4
1378969200 4 2 9 4
1378967400 7 3 16 10
1378965600 3 2 7 5
1378963800 3 2 10 8
1378962000 3 1 5 4
1378960200 5 3 11 10
1378958400 6 4 12 12
1378956600 5 2 12 7
1378954800 6 3 12 8
1378953000 3 1 4 3
1378951200 4 2 11 9
1378949400 5 3 11 10
1378947600 3 3 9 10
1378945800 5 3 11 11
1378944000 5 2 8 5
1378942200 4 3 7 7
1378940400 4 3 9 9
1378938600 6 5 13 10
1378936800 3 3 11 10
1378935000 4 1 8 5
1378933200 6 4 11 10
1378931400 6 4 11 9
1378929600 4 3 10 9
1378927800 6 2 9 8
1378926000 4 3 11 7
1378924200 6 5 11 7
1378922400 5 2 11 9
1378920600 6 4 11 8
1378918800 5 2 11 8
1378917000 4 1 5 4
1378915200 5 3 8 6
1378913400 6 3 12 9
1378911600 4 2 10 9
1378909800 5 1 11 9
1378908000 7 3 11 9
1378906200 5 3 12 7
1378904400 3 2 7 5
1378902600 5 1 15 5
1378900800 5 4 9 6
1378899000 3 1 8 6
1378897200 6 3 12 11
1378895400 3 2 8 5
1378893600 4 1 10 8
1378891800 4 3 12 11
1378890000 4 3 11 11
1378888200 4 3 8 7
1378886400 4 1 11 8
1378884600 8 3 16 11
1378882800 5 4 10 10
1378881000 5 2 10 7
1378879200 6 5 11 11
1378877400 2 1 7 5
1378875600 3 2 6 5
1378873800 3 1 7 7
1378872000 6 3 12 10
1378870200 5 4 12 10
1378868400 4 2 12 9
1378866600 4 2 9 7
1378864800 2 2 5 6
1378863000 4 2 8 6
1378861200 9 4 16 14
1378859400 4 1 9 5
1378857600 4 2 7 7
1378855800 3 2 7 4
1378854000 6 3 15 15
1378852200 6 4 11 11
1378850400 2 1 8 6
1378848600 5 3 12 7
1378846800 4 2 10 9
1378845000 6 7 13 14
1378843200 3 4 6 7
1378841400 4 4 12 13
1378839600 7 6 16 14
1378837800 4 4 9 9
1378836000 4 2 8 6
1378834200 3 2 7 6
1378832400 5 4 9 10
1378830600 5 2 11 7
1378828800 3 2 8 5
1378827000 4 3 10 8
1378825200 6 3 16 10
1378823400 5 3 12 12
1378821600 3 1 7 6
1378819800 4 3 13 10
1378818000 6 4 13 12
1378816200 4 1 8 6
1378814400 3 1 7 7
1378812600 4 2 9 7
1378810800 4 3 9 7
1378809000 3 2 8 6
1378807200 3 2 9 9
1378805400 2 1 6 5
1378803600 3 1 6 2
1378801800 4 2 9 7
1378800000 6 4 12 13
1378798200 6 3 12 8
1378796400 7 1 33 3
1378794600 3 1 5 4
1378792800 3 1 9 7
1378791000 5 3 11 11
1378789200 7 5 12 13
1378787400 4 2 11 11
1378785600 3 1 6 6
1378783800 3 1 10 6
1378782000 6 3 10 6
1378780200 4 3 8 7
1378778400 3 1 6 3
1378776600 4 3 10 8
1378774800 5 1 12 11
1378773000 3 1 9 8
1378771200 4 2 9 8
1378769400 3 2 10 8
1378767600 5 3 10 9
1378765800 3 1 9 7
1378764000 6 3 10 9
1378762200 6 4 12 10
1378760400 5 2 10 7
1378758600 5 4 7 7
1378756800 3 3 9 8
1378755000 4 1 7 4
1378753200 6 4 18 7
1378751400 3 2 6 5
1378749600 5 3 14 13
1378747800 8 6 17 18
1378746000 5 4 17 18
1378744200 3 1 6 5
1378742400 4 2 8 6
1378740600 15 6 63 18
1378738800 5 3 13 10
1378737000 6 1 13 6
1378735200 5 1 9 6
1378733400 4 2 9 6
1378731600 5 1 9 6
1378729800 4 1 11 7
1378728000 4 1 10 7
1378726200 4 1 10 7
1378724400 3 1 6 3
1378722600 4 1 7 3
1378720800 5 1 11 6
1378719000 7 3 11 6
1378717200 2 1 5 3
1378715400 4 1 7 4
1378713600 3 1 6 3
1378711800 5 1 9 5
1378710000 3 1 13 7
1378708200 5 1 13 7
1378706400 6 3 13 10
1378704600 4 1 9 8
1378702800 3 1 10 6
1378701000 4 1 10 6
1378699200 3 1 6 4
1378697400 3 1 9 3
1378695600 8 2 13 7
1378693800 4 1 9 5
1378692000 3 1 7 4
1378690200 3 1 6 2
1378688400 3 1 10 8
1378686600 3 1 9 6
1378684800 3 1 8 6
1378683000 6 2 15 10
1378681200 4 1 10 6
1378679400 4 2 8 7
1378677600 3 1 5 3
1378675800 5 2 10 5
1378674000 3 1 7 5
1378672200 4 1 9 6
1378670400 4 1 7 4
1378668600 3 1 7 4
1378666800 5 1 17 10
1378665000 4 1 6 4
1378663200 4 1 11 5
1378661400 4 1 8 5
1378659600 5 2 11 6
1378657800 5 1 8 4
1378656000 3 1 8 5
1378654200 4 2 9 7
1378652400 2 1 6 3
1378650600 3 1 7 5
1378648800 3 1 6 3
1378647000 5 1 11 5
1378645200 4 1 10 7
1378643400 4 2 8 6
1378641600 3 1 12 9
1378639800 3 1 6 4
1378638000 4 1 10 6
1378636200 5 1 8 4
1378634400 3 1 5 1
1378632600 3 1 9 6
1378630800 3 1 8 4
1378629000 3 1 9 7
1378627200 3 1 6 4
1378625400 6 1 13 5
1378623600 5 1 10 3
1378621800 3 1 7 4
1378620000 4 2 10 6
1378618200 4 1 10 6
1378616400 3 1 7 3
1378614600 2 1 7 3
1378612800 2 1 13 4
1378611000 8 3 13 7
1378609200 3 1 7 5
1378607400 5 2 7 4
1378605600 4 1 10 8
1378603800 3 1 9 4
1378602000 4 1 7 6
1378600200 3 1 7 4
1378598400 3 1 7 4
1378596600 5 1 15 10
1378594800 6 3 12 10
1378593000 5 2 11 7
1378591200 3 1 8 6
1378589400 4 1 8 3
1378587600 3 1 8 3
1378585800 4 1 9 5
1378584000 3 1 10 7
1378582200 4 1 9 6
1378580400 4 1 7 3
1378578600 2 1 6 2
1378576800 3 1 7 3
1378575000 6 1 15 7
1378573200 5 1 11 7
1378571400 3 1 7 6
1378569600 3 1 7 6
1378567800 3 1 7 4
1378566000 5 3 12 10
1378564200 4 2 11 9
1378562400 6 2 11 6
1378560600 5 1 9 6
1378558800 6 3 13 10
1378557000 3 1 7 4
1378555200 3 1 12 8
1378553400 3 1 6 3
1378551600 4 1 7 4
1378549800 4 1 11 9
1378548000 3 1 6 4
1378546200 3 1 10 6
1378544400 4 1 6 2
1378542600 5 1 9 7
1378540800 4 2 10 7
1378539000 7 2 11 7
1378537200 8 4 17 14
1378535400 3 1 7 4
1378533600 4 1 9 7
1378531800 4 1 10 6
1378530000 5 1 10 6
1378528200 3 1 12 6
1378526400 5 1 12 6
1378524600 3 1 8 4
1378522800 4 1 9 7
1378521000 5 2 13 10
1378519200 3 1 7 6
1378517400 4 2 18 11
1378515600 8 2 18 11
1378513800 5 1 11 4
1378512000 3 1 9 6
1378510200 3 1 6 3
1378508400 3 1 7 5
1378506600 3 1 6 3
1378504800 2 1 7 3
1378503000 4 1 15 4
1378501200 6 1 15 6
1378499400 4 2 9 6
1378497600 2 1 6 3
1378495800 3 1 8 4
1378494000 3 1 8 6
1378492200 3 1 10 7
1378490400 9 4 15 7
1378488600 5 1 8 4
1378486800 4 2 7 4
1378485000 3 1 8 4
1378483200 6 3 15 11
1378481400 5 1 9 7
1378479600 3 1 7 4
1378477800 5 1 9 3
1378476000 2 1 5 1
1378474200 3 1 6 2
1378472400 3 1 8 5
1378470600 4 1 8 5
1378468800 4 1 7 3
1378467000 4 1 8 3
1378465200 3 1 6 3
1378463400 2 1 4 1
1378461600 4 1 7 3
1378459800 3 1 5 2
1378458000 4 1 9 6
1378456200 4 2 9 8
1378454400 6 2 9 8
1378452600 4 1 9 4
1378450800 5 2 10 8
1378449000 4 1 9 6
1378447200 5 1 10 6
1378445400 3 1 9 5
1378443600 3 1 9 4
1378441800 3 1 7 3
1378440000 5 1 9 5
1378438200 3 1 14 63
1378436400 4 11 14 63
1378434600 4 1 7 3
1378432800 3 1 7 4
1378431000 5 1 11 4
1378429200 3 1 7 3
1378427400 3 1 7 3
1378425600 3 1 8 6
1378423800 3 1 6 3
1378422000 3 1 5 1
1378420200 3 1 7 3
1378418400 4 2 12 7
1378416600 3 1 12 4
1378414800 3 1 6 3
1378413000 3 1 6 3
1378411200 3 1 6 2
1378409400 3 1 6 4
1378407600 5 1 10 7
1378405800 8 2 12 8
1378404000 2 1 7 5
1378402200 4 1 7 4
1378400400 5 1 9 5
1378398600 3 1 8 5
1378396800 3 1 7 5
1378395000 4 1 9 3
1378393200 4 1 10 6
1378391400 2 1 5 2
1378389600 3 1 10 7
1378387800 5 2 9 4
1378386000 4 1 13 11
1378384200 6 3 17 13
1378382400 7 2 11 7
1378380600 5 3 15 11
1378378800 2 1 7 4
1378377000 2 1 7 4
1378375200 2 1 8 5
1378373400 5 2 12 10
1378371600 7 3 10 6
1378369800 4 1 10 6
1378368000 2 1 8 5
1378366200 6 2 16 13
1378364400 3 1 6 4
1378362600 4 1 10 6
1378360800 5 2 10 6
1378359000 4 1 7 4
1378357200 3 1 6 3
1378355400 2 1 4 1
1378353600 3 1 9 7
1378351800 3 1 9 6
1378350000 4 5 8 25
1378348200 3 1 8 3
1378346400 6 1 8 3
1378344600 2 1 7 1
1378342800 3 1 6 4
1378341000 3 1 6 4
1378339200 6 1 20 8
1378337400 4 1 9 8
1378335600 4 1 14 8
1378333800 5 1 10 7
1378332000 4 2 10 7
1378330200 4 1 10 8
1378328400 3 2 10 8
1378326600 2 1 6 4
1378324800 3 1 6 4
1378323000 5 1 10 4
1378321200 4 1 9 4
1378319400 3 1 6 4
1378317600 4 2 12 7
1378315800 3 1 7 1
1378314000 3 1 7 5
1378312200 9 1 35 9
1378310400 5 2 13 9
1378308600 5 1 9 6
1378306800 4 1 11 9
1378305000 4 1 6 3
1378303200 3 1 7 5
1378301400 5 2 10 6
1378299600 4 2 9 5
1378297800 4 2 9 6
1378296000 4 1 7 4
1378294200 3 1 5 1
1378292400 4 1 10 7
1378290600 5 2 9 8
1378288800 5 2 15 11
1378287000 4 2 11 9
1378285200 4 1 10 7
1378283400 3 1 9 7
1378281600 4 2 10 7
1378279800 4 1 8 6
1378278000 3 1 9 6
1378276200 3 1 9 6
1378274400 7 3 20 13
1378272600 6 2 12 10
1378270800 4 3 12 10
1378269000 5 3 15 11
1378267200 2 1 8 6
1378265400 5 1 22 3
1378263600 19 2 94 11
1378261800 4 2 11 8
1378260000 5 1 11 7
1378258200 2 1 12 6
1378256400 4 1 12 6
1378254600 4 1 11 8
1378252800 2 1 3 1
1378251000 3 1 4 2
1378249200 3 1 8 2
1378247400 4 1 9 5
1378245600 3 1 5 3
1378243800 3 1 68 3
1378242000 15 1 68 4
1378240200 4 1 13 9
1378238400 3 1 10 6
1378236600 4 1 11 5
1378234800 5 1 11 5
1378233000 4 1 6 3
1378231200 2 1 5 2
1378229400 4 1 10 7
1378227600 6 1 25 15
1378225800 8 4 25 15
1378224000 6 1 10 3
1378222200 3 1 7 3
1378220400 3 1 7 3
1378218600 3 1 7 5
1378216800 5 1 13 9
1378215000 3 1 6 2
1378213200 4 2 9 6
1378211400 4 1 7 3
1378209600 2 1 6 4
1378207800 5 1 8 3
1378206000 2 1 5 3
1378204200 3 1 7 4
1378202400 3 1 6 4
1378200600 4 2 8 6
1378198800 4 2 8 3
1378197000 2 1 7 5
1378195200 3 1 7 6
1378193400 3 1 8 5
1378191600 3 1 11 8
1378188000 3 1 11 8
1378180800 3 1 20 11
1378173600 2 1 11 6
1378166400 3 1 10 9
1378159200 3 1 10 8
1378152000 3 1 8 5
1378144800 4 1 18 7
1378137600 2 1 8 5
1378130400 3 1 9 5
1378123200 2 1 7 5
1378116000 3 1 7 5
1378108800 2 1 10 5
1378101600 3 1 14 7
1378094400 2 1 12 9
1378087200 2 1 12 10
1378080000 2 1 12 6
1378072800 2 1 8 6
1378065600 2 1 7 4
1378058400 3 1 8 7
1378051200 3 1 10 8
1378044000 2 1 10 8
1378036800 2 1 10 6
1378029600 3 1 9 5
1378022400 3 1 7 7
1378015200 3 1 15 8
1378008000 4 1 11 6
1378000800 3 1 11 9
1377993600 4 1 11 12
1377986400 3 1 13 9
1377979200 3 1 15 9
1377972000 3 1 9 5
1377964800 3 1 11 7
1377957600 3 1 11 8
1377950400 2 1 9 6
1377943200 2 1 9 5
1377936000 5 1 13 7
1377928800 3 1 12 8
1377921600 3 1 16 8
1377914400 4 1 11 10
1377907200 5 1 27 7
1377900000 2 1 8 6
1377892800 3 1 10 5
1377885600 6 1 37 7
1377878400 4 1 16 8
1377871200 3 1 10 5
1377864000 3 1 10 6
1377856800 2 1 9 7
1377849600 3 1 9 9
1377842400 3 1 11 12
1377835200 3 1 14 12
1377828000 4 2 14 9
1377820800 4 1 11 7
1377813600 4 1 11 6
1377806400 10 1 38 11
1377799200 3 1 14 6
1377792000 4 1 12 5
1377784800 3 1 13 7
1377777600 4 1 12 8
1377770400 3 1 8 6
1377763200 4 1 9 5
1377756000 3 1 11 8
1377748800 3 1 10 4
1377741600 3 1 10 5
1377734400 2 1 8 6
1377727200 4 1 10 5
1377720000 3 1 7 7
1377712800 3 1 8 4
1377705600 3 1 14 8
1377698400 7 4 11 8
1377691200 10 8 10 8
1377684000 10 8 10 8
1377676800 10 8 10 8
1377669600 10 8 10 8
1377662400 10 8 10 8
1377655200 10 8 10 8
1377648000 10 8 10 8
1377640800 10 8 10 8
1377633600 10 8 10 8
1377626400 10 8 10 8
1377619200 7 5 10 9
1377612000 5 1 34 7
1377604800 3 1 15 6
1377597600 3 1 14 6
1377590400 3 1 10 6
1377583200 3 1 9 6
1377576000 3 1 11 5
1377568800 4 1 18 8
1377561600 3 1 10 5
1377554400 5 1 47 8
1377547200 6 1 15 6
1377540000 6 1 32 9
1377532800 8 2 49 23
1377525600 3 1 9 4
1377518400 3 1 13 7
1377511200 4 1 12 6
1377504000 4 1 12 6
1377496800 4 1 9 5
1377489600 3 1 9 7
1377482400 4 1 17 10
1377475200 3 1 12 10
1377468000 4 1 8 7
1377460800 4 1 9 5
1377453600 3 1 10 6
1377446400 3 1 9 6
1377439200 3 1 14 5
1377432000 3 1 14 6
1377424800 3 1 12 4
1377417600 3 1 10 6
1377410400 3 1 8 5
1377403200 2 1 10 4
1377396000 2 1 12 6
1377388800 3 1 8 5
1377381600 2 1 9 7
1377374400 3 1 13 7
1377367200 3 1 11 11
1377360000 2 1 9 7
1377352800 3 1 9 4
1377345600 3 1 12 8
1377338400 2 1 8 7
1377331200 3 1 11 8
1377324000 2 1 7 5
1377316800 3 1 9 4
1377309600 3 1 10 6
1377302400 2 1 10 6
1377295200 3 1 9 4
1377288000 3 1 9 4
1377280800 3 1 12 6
1377273600 2 1 8 4
1377266400 2 1 7 5
1377259200 2 1 11 4
1377252000 3 1 7 4
1377244800 3 1 15 8
1377237600 2 1 11 5
1377230400 2 1 8 5
1377223200 3 1 13 5
1377216000 2 1 10 4
1377208800 2 1 10 6
1377201600 3 1 9 4
1377194400 3 1 9 5
1377187200 5 1 9 4
1377180000 4 1 13 7
1377172800 4 1 11 6
1377165600 2 1 10 8
1377158400 3 1 10 6
1377151200 3 1 11 6
1377144000 3 1 8 4
1377136800 3 1 9 4
1377129600 2 1 12 5
1377122400 3 1 11 5
1377115200 3 1 9 5
1377108000 2 1 8 3
1377100800 4 1 22 5
1377093600 3 1 9 4
1377086400 4 1 10 6
1377079200 4 1 19 33
1377072000 3 1 16 6
1377064800 4 1 16 6
1377057600 3 1 17 7
1377050400 4 1 15 7
1377043200 5 1 26 12
1377036000 4 1 11 7
1377028800 4 1 14 6
1377021600 4 1 26 7
1377014400 4 1 13 6
1377007200 4 1 16 6
1377000000 5 1 45 8
1376992800 3 1 19 6
1376985600 5 1 70 5
1376978400 3 1 12 10
1376971200 4 1 33 4
1376964000 3 1 18 5
1376956800 2 1 12 5
1376949600 3 1 10 6
1376942400 4 1 23 6
1376935200 2 1 11 3
1376928000 3 1 9 3
1376920800 3 1 13 6
1376913600 2 1 10 6
1376906400 3 1 10 5
1376899200 3 1 9 7
1376892000 3 1 11 4
1376884800 2 1 12 6
1376877600 4 1 10 8
1376870400 2 1 10 5
1376863200 2 1 7 3
1376856000 3 1 11 6
1376848800 2 1 8 7
1376841600 3 1 11 6
1376834400 3 1 10 5
1376827200 2 1 10 5
1376820000 3 1 9 3
1376812800 3 1 12 7
1376805600 3 1 13 5
1376798400 3 1 10 6
1376791200 3 1 10 7
1376784000 2 1 8 5
1376776800 3 1 8 5
1376769600 3 1 10 5
1376762400 3 1 19 21
1376755200 3 1 9 3
1376748000 3 1 12 9
1376740800 3 1 13 4
1376733600 3 1 12 8
1376726400 3 1 32 5
1376719200 4 1 33 24
1376712000 3 1 8 6
1376704800 4 1 12 6
1376697600 5 1 48 5
1376690400 3 1 17 5
1376683200 3 1 17 7
1376676000 3 1 10 5
1376668800 3 1 8 5
1376661600 3 1 10 4
1376654400 4 1 34 4
1376647200 3 1 9 6
1376640000 3 1 12 6
1376632800 2 1 7 4
1376625600 4 1 46 4
1376618400 3 1 33 6
1376611200 4 1 32 5
1376604000 3 1 9 6
1376596800 4 1 23 5
1376589600 5 1 54 4
1376582400 2 1 9 5
1376575200 3 1 10 4
1376568000 3 1 9 5
1376560800 2 1 8 6
1376553600 5 1 55 6
1376546400 3 1 9 5
1376539200 3 1 15 6
1376532000 4 1 23 7
1376524800 3 1 9 4
1376517600 4 1 10 6
1376510400 4 1 29 4
1376503200 5 1 13 5
1376496000 5 1 11 6
1376488800 5 1 9 7
1376481600 5 1 16 6
1376474400 5 1 11 5
1376467200 5 1 10 6
1376460000 4 1 11 5
1376452800 4 1 15 7
1376445600 5 1 19 8
1376438400 6 1 25 8
1376431200 5 1 12 5
1376424000 6 1 28 6
1376416800 5 1 13 5
1376409600 5 1 10 5
1376402400 5 1 12 9
1376395200 5 1 10 6
1376388000 5 1 11 6
1376380800 5 1 30 5
1376373600 6 1 47 5
1376366400 4 1 13 5
1376359200 6 1 23 5
1376352000 4 1 10 5
1376344800 5 1 31 7
1376337600 6 1 31 5
1376330400 5 1 21 5
1376323200 5 1 16 5
1376316000 4 1 10 6
1376308800 4 1 9 6
1376301600 5 1 10 3
1376294400 4 1 9 6
1376287200 4 1 12 4
1376280000 4 1 11 5
1376272800 4 1 14 5
1376265600 4 1 13 7
1376258400 4 1 14 4
1376251200 5 1 12 6
1376244000 5 1 13 5
1376236800 4 1 9 4
1376229600 4 1 11 6
1376222400 4 1 7 5
1376215200 5 1 17 6
1376208000 4 1 10 5
1376200800 4 1 8 5
1376193600 4 1 11 6
1376186400 4 1 15 5
1376179200 4 1 13 7
1376172000 5 1 9 5
1376164800 4 1 12 3
1376157600 4 1 10 4
1376150400 4 1 9 4
1376143200 4 1 9 7
1376136000 3 1 7 3
1376128800 4 1 10 6
1376121600 4 1 12 5
1376114400 4 1 9 5
1376107200 3 1 16 5
1376100000 3 1 17 5
1376092800 5 1 14 5
1376085600 4 1 10 8
1376078400 4 1 13 6
1376071200 5 1 12 4
1376064000 4 1 14 4
1376056800 4 1 11 7
1376049600 3 1 9 6
1376042400 4 1 12 6
1376035200 4 1 19 5
1376028000 4 1 10 8
1376020800 5 1 33 5
1376013600 5 1 19 6
1376006400 4 1 14 5
1375999200 4 1 16 8
1375992000 5 2 12 13
1375984800 4 1 11 6
1375977600 4 1 11 4
1375970400 4 1 10 7
1375963200 4 1 12 7
1375956000 3 1 8 4
1375948800 4 1 10 4
1375941600 4 1 8 5
1375934400 4 1 11 5
1375927200 5 1 24 7
1375920000 12 1 100 4
1375912800 6 1 25 9
1375905600 4 1 10 6
1375898400 5 1 17 4
1375891200 4 1 15 6
1375884000 8 1 29 5
1375876800 4 1 10 4
1375869600 3 1 9 5
1375862400 3 1 15 5
1375855200 4 1 25 3
1375848000 4 1 13 4
1375840800 4 1 20 4
1375833600 4 1 15 4
1375826400 5 2 18 7
1375819200 4 1 10 5
1375812000 3 1 11 5
1375804800 14 13 100 84
1375797600 3 1 12 11
1375790400 2 1 7 4
1375783200 2 1 7 4
1375776000 2 1 12 8
1375768800 1 1 8 6
1375761600 2 1 9 6
1375754400 2 1 17 4
1375747200 2 1 6 4
1375740000 3 1 13 5
1375732800 3 1 28 4
1375725600 3 1 7 3
1375718400 2 1 8 5
1375711200 2 1 7 3
1375704000 2 1 11 6
1375696800 2 1 8 5
1375689600 2 1 12 7
1375682400 3 1 17 7
1375675200 2 1 6 3
1375668000 2 1 9 6
1375660800 2 1 12 4
1375653600 3 1 14 5
1375646400 2 1 15 5
1375639200 2 1 9 5
1375632000 2 1 7 6
1375624800 2 1 8 5
1375617600 2 1 11 6
1375610400 2 1 7 5
1375603200 2 1 9 7
1375596000 2 1 4 3
1375588800 2 1 14 9
1375581600 3 1 14 9
1375574400 2 1 8 6
1375567200 2 1 11 11
1375560000 3 1 7 8
1375552800 2 1 9 8
1375545600 3 1 8 7
1375538400 3 1 8 6
1375531200 2 1 8 8
1375524000 2 1 11 6
1375516800 2 1 7 7
1375509600 3 1 9 6
1375502400 2 1 10 6
1375495200 2 1 8 5
1375488000 3 1 12 8
1375480800 3 1 16 7
1375473600 3 1 15 6
1375466400 2 1 8 8
1375459200 3 1 12 7
1375452000 2 1 7 5
1375444800 2 1 8 6
1375437600 2 1 8 8
1375430400 2 1 9 8
1375423200 2 1 14 6
1375416000 2 1 9 7
1375408800 2 1 11 8
1375401600 4 1 57 9
1375394400 5 8 57 27
1375387200 3 11 9 25
1375380000 4 2 14 7
1375372800 2 1 11 5
1375365600 2 1 7 5
1375358400 2 1 6 6
1375351200 1 1 8 5
1375344000 3 1 8 8
1375336800 2 1 11 5
1375329600 2 1 8 7
1375322400 2 1 8 5
1375315200 3 1 17 8
1375308000 3 2 10 10
1375300800 2 2 8 9
1375293600 3 2 11 8
1375286400 3 1 11 9
1375279200 3 2 10 7
1375272000 2 1 12 6
1375264800 3 1 12 7
1375257600 3 1 15 6
1375250400 2 1 7 5
1375243200 3 1 9 8
1375236000 4 1 43 6
1375228800 4 2 25 8
1375221600 3 2 10 8
1375214400 3 2 10 6
1375207200 3 1 39 9
1375200000 4 3 13 10
1375192800 3 2 16 6
1375185600 3 1 8 7
1375178400 2 1 10 7
1375171200 3 1 11 7
1375164000 2 2 8 13
1375156800 2 2 11 12
1375149600 2 4 8 19
1375142400 2 7 14 14
1375135200 22 12 99 24
1375128000 6 11 79 20
1375120800 3 8 10 23
1375113600 3 7 9 19
1375106400 7 3 96 18
1375099200 2 3 7 13
1375092000 2 1 7 10
1375084800 2 4 15 12
1375077600 2 4 9 14
1375070400 3 4 10 11
1375063200 2 2 10 9
1375056000 2 4 11 15
1375048800 3 4 37 13
1375041600 2 2 6 10
1375034400 2 2 8 12
1375027200 2 2 21 11
1375020000 3 1 21 7
1375012800 2 3 8 14
1375005600 2 2 8 9
1374998400 4 3 33 13
1374991200 2 5 8 13
1374984000 2 3 8 12
1374976800 3 2 11 8
1374969600 2 2 7 8
1374962400 2 3 8 11
1374955200 2 2 14 13
1374948000 2 1 10 5
1374940800 7 1 53 9
1374933600 19 2 100 12
1374926400 2 1 7 7
1374919200 3 4 7 11
1374912000 3 4 14 12
1374904800 2 2 7 8
1374897600 3 3 7 9
1374890400 3 2 21 9
1374883200 2 5 6 13
1374876000 4 2 40 9
1374868800 4 5 6 8
1374861600 5 8 5 8
1374854400 4 5 9 11
1374847200 2 1 6 9
1374840000 2 1 7 7
1374832800 2 1 7 7
1374825600 4 1 46 8
1374818400 3 8 25 16
1374811200 2 6 7 17
1374804000 3 6 16 18
1374796800 3 8 10 19
1374789600 4 7 45 20
1374782400 2 3 14 8
1374775200 3 1 6 5
1374768000 2 1 11 7
1374760800 2 2 10 7
1374753600 2 1 7 4
1374746400 3 1 10 7
1374739200 2 1 8 4
1374732000 3 1 16 4
1374724800 3 1 12 5
1374717600 2 1 13 4
1374710400 3 2 13 8
1374703200 3 2 14 16
1374696000 4 3 12 9
1374688800 3 2 9 7
1374681600 2 1 8 4
1374674400 3 1 10 6
1374667200 2 1 6 4
1374660000 2 1 8 6
1374652800 2 1 11 9
1374645600 2 1 7 5
1374638400 2 1 7 5
1374631200 2 1 6 4
1374624000 2 2 8 14
1374616800 2 2 15 10
1374609600 2 2 7 6
1374602400 1 1 5 2
1374595200 3 1 7 3
1374588000 5 1 25 11
1374580800 4 1 12 7
1374573600 2 1 10 6
1374566400 2 1 8 6
1374559200 3 1 8 12
1374552000 2 1 7 5
1374544800 2 1 8 5
1374537600 3 1 9 5
1374530400 3 1 7 5
1374523200 3 2 10 6
1374516000 3 2 13 7
1374508800 2 1 9 4
1374501600 1 1 10 4
1374494400 1 1 7 3
1374487200 1 1 14 2
1374480000 1 1 3 1
1374472800 1 1 4 2
1374465600 1 0 2 1
1374458400 1 1 4 1
1374451200 1 1 4 1
1374444000 1 1 4 1
1374436800 1 1 4 1
1374429600 1 1 1 1
1374422400 1 1 2 1
1374415200 1 0 1 1
1374408000 1 1 6 1
1374400800 1 1 1 1
1374393600 1 1 2 2
1374386400 1 1 4 2
1374379200 1 1 4 1
1374372000 1 0 5 1
1374364800 1 1 4 4
1374357600 1 1 4 1
1374350400 1 1 2 1
1374343200 1 1 5 3
1374336000 1 1 4 3
1374328800 1 1 3 2
1374321600 1 1 3 1
1374314400 1 1 4 1
1374307200 1 1 5 12
1374300000 1 1 2 1
1374292800 1 1 4 1
1374285600 1 1 6 1
1374278400 1 1 3 3
1374271200 1 1 7 2
1374264000 1 1 6 1
1374256800 1 1 6 3
1374249600 1 1 4 1
1374242400 1 1 10 1
1374235200 1 1 4 2
1374228000 1 1 2 1
1374220800 1 1 5 6
1374213600 1 1 2 1
1374206400 1 1 5 3
1374199200 1 1 6 1
1374192000 1 1 4 3
1374184800 1 1 5 3
1374177600 1 1 2 1
1374170400 1 1 4 2
1374163200 1 1 3 1
1374156000 1 1 4 2
1374148800 1 1 2 1
1374141600 1 1 11 3
1374134400 1 1 5 2
1374127200 1 1 31 1
1374120000 1 1 4 1
1374112800 1 1 4 1
1374105600 1 1 5 2
1374098400 1 1 3 1
1374091200 1 1 5 1
1374084000 1 1 3 1
1374076800 1 1 5 1
1374069600 1 1 5 1
1374062400 1 1 4 1
1374055200 1 1 11 2
1374048000 2 1 59 2
1374040800 1 1 4 2
1374033600 1 1 2 1
1374026400 1 1 3 3
1374019200 2 1 31 9
1374012000 1 1 8 2
1374004800 2 1 9 5
1373997600 2 1 16 6
1373990400 1 1 8 4
1373983200 1 1 8 9
1373976000 2 3 2 3
1373968800 2 3 2 3
1373961600 2 3 2 3
1373954400 2 3 2 3
1373947200 2 3 2 3
1373940000 2 3 2 3
1373932800 2 3 2 3
1373925600 1 2 10 11
1373918400 1 1 11 3
1373911200 1 1 6 5
1373904000 1 1 6 1
1373896800 1 1 5 1
1373889600 1 1 2 2
1373882400 1 1 2 1
1373875200 1 1 2 1
1373868000 1 1 15 3
1373846400 1 0 7 6
1373760000 1 1 9 3
1373673600 1 0 55 8
1373587200 1 1 12 3
1373500800 1 1 22 6
1373414400 1 0 15 2
1373328000 1 1 21 2
1373241600 1 1 22 2
1373155200 1 0 23 3
1373068800 1 0 29 3
1372982400 1 1 10 2
1372896000 1 1 43 3
1372809600 1 0 19 2
1372723200 1 0 23 6
1372636800 1 1 22 6
1372550400 1 0 5 1
1372464000 1 1 6 2
1372377600 1 0 14 6
1372291200 1 1 8 9
1372204800 1 1 17 8
1372118400 1 0 7 3
1372032000 1 0 56 6
1371945600 1 0 5 6
1371859200 1 0 8 3
1371772800 1 0 10 6
1371686400 1 0 4 2
1371600000 1 0 16 6
1371513600 1 0 12 2
1371427200 1 0 91 3
1371340800 1 0 4 6
1371254400 1 0 4 6
1371168000 12 11 100 75
1371081600 17 15 100 51
1370995200 16 17 46 52
1370908800 12 13 48 63
1370822400 6 5 20 20
1370736000 6 6 33 30
1370649600 11 11 35 32
1370563200 16 17 52 63
1370476800 16 16 45 49
1370390400 15 15 55 67
1370304000 12 12 41 44
1370217600 10 9 32 32
1370131200 13 13 39 31
1370044800 12 13 32 33
1369958400 13 13 100 33
1369872000 22 18 100 63
1369785600 16 16 44 41
1369699200 15 14 93 56
1369612800 12 12 27 41
1369526400 12 12 31 34
1369440000 13 14 45 66
1369353600 13 14 42 48
1369267200 14 12 35 35
1369180800 13 13 41 42
1369094400 13 13 45 63
1369008000 11 12 65 45
1368921600 12 12 39 39
1368835200 15 15 41 43
1368748800 19 18 55 54
1368662400 17 17 64 62
1368576000 17 17 50 50
1368489600 17 17 61 63
1368403200 14 15 34 36
1368316800 14 14 35 34
1368230400 14 13 38 39
1368144000 13 14 49 55
1368057600 12 12 39 45
1367971200 14 14 46 49
1367884800 6 5 63 42
1367798400 2 2 38 68
1367712000 2 2 18 38
1367625600 2 2 7 6
1367539200 2 2 29 54
1367452800 2 1 7 4
1367366400 1 1 64 49
1367280000 8 8 38 33
1367193600 9 10 26 27
1367107200 9 10 60 61
1367020800 10 9 28 26
1366934400 10 10 27 27
1366848000 10 10 29 29
1366761600 8 9 46 72
1366675200 9 9 26 25
1366588800 12 10 12 10
1366502400 12 10 12 10
1366416000 8 7 17 19
1366329600 10 9 24 23
1366243200 10 9 27 48
1366156800 10 9 24 23
1366070400 9 8 67 51
1365984000 9 8 23 22
1365897600 8 7 23 21
1365811200 7 7 23 21
1365724800 8 7 38 57
1365638400 8 7 22 25
1365552000 8 7 18 17
1365465600 7 6 47 59
1365379200 8 7 19 19
1365292800 8 7 20 19
1365206400 8 7 20 19
1365120000 7 7 23 20
1365033600 7 6 21 48
1364947200 8 7 21 19
1364860800 7 7 40 57
1364774400 9 9 96 95
1364688000 14 14 22 22
1364601600 11 11 21 21
1364515200 11 11 21 21
1364428800 15 15 81 81
1364342400 2 2 30 30
1364256000 0 0 0 0
1364169600 0 0 0 0
1364083200 0 0 0 0
1363996800 0 0 0 0
1363910400 0 0 0 0
1363824000 0 0 0 0
1363737600 0 0 0 0
1363651200 0 0 0 0
1363564800 0 0 0 0
1363478400 0 0 0 0
1363392000 0 0 0 0
1363305600 0 0 0 0
1363219200 0 0 0 0
1363132800 0 0 0 0
1363046400 0 0 0 0
1362960000 0 0 0 0
1362873600 0 0 0 0
1362787200 0 0 0 0
1362700800 0 0 0 0
1362614400 0 0 0 0
1362528000 0 0 0 0
1362441600 0 0 0 0
1362355200 0 0 0 0
1362268800 0 0 0 0
1362182400 0 0 0 0
1362096000 0 0 0 0
1362009600 0 0 0 0
1361923200 0 0 0 0
1361836800 0 0 0 0
1361750400 0 0 0 0
1361664000 0 0 0 0
1361577600 0 0 0 0
1361491200 0 0 0 0
1361404800 0 0 0 0
1361318400 0 0 0 0
1361232000 0 0 0 0
1361145600 0 0 0 0
1361059200 0 0 0 0
1360972800 0 0 0 0
1360886400 0 0 0 0
1360800000 0 0 0 0
1360713600 0 0 0 0
1360627200 0 0 0 0
1360540800 0 0 0 0
1360454400 0 0 0 0
1360368000 0 0 0 0
1360281600 0 0 0 0
1360195200 0 0 0 0
1360108800 0 0 0 0
1360022400 0 0 0 0
1359936000 0 0 0 0
1359849600 0 0 0 0
1359763200 0 0 0 0
1359676800 0 0 0 0
1359590400 0 0 0 0
1359504000 0 0 0 0
1359417600 0 0 0 0
1359331200 0 0 0 0
1359244800 0 0 0 0
1359158400 0 0 0 0
1359072000 0 0 0 0
1358985600 0 0 0 0
1358899200 0 0 0 0
1358812800 0 0 0 0
1358726400 0 0 0 0
1358640000 0 0 0 0
1358553600 0 0 0 0
1358467200 0 0 0 0
1358380800 0 0 0 0
1358294400 0 0 0 0
1358208000 0 0 0 0
1358121600 0 0 0 0
1358035200 0 0 0 0
1357948800 0 0 0 0
1357862400 0 0 0 0
1357776000 0 0 0 0
1357689600 0 0 0 0
1357603200 0 0 0 0
1357516800 0 0 0 0
1357430400 0 0 0 0
1357344000 0 0 0 0
1357257600 0 0 0 0
1357171200 0 0 0 0
1357084800 0 0 0 0
1356998400 0 0 0 0
1356912000 0 0 0 0
1356825600 0 0 0 0
1356739200 0 0 0 0
1356652800 0 0 0 0
1356566400 0 0 0 0
1356480000 0 0 0 0
1356393600 0 0 0 0
1356307200 0 0 0 0
1356220800 0 0 0 0
1356134400 0 0 0 0
1356048000 0 0 0 0
1355961600 0 0 0 0
1355875200 0 0 0 0
1355788800 0 0 0 0
1355702400 0 0 0 0
1355616000 0 0 0 0
1355529600 0 0 0 0
1355443200 0 0 0 0
1355356800 0 0 0 0
1355270400 0 0 0 0
1355184000 0 0 0 0
1355097600 0 0 0 0
1355011200 0 0 0 0
1354924800 0 0 0 0
1354838400 0 0 0 0
1354752000 0 0 0 0
1354665600 0 0 0 0
1354579200 0 0 0 0
1354492800 0 0 0 0
1354406400 0 0 0 0
1354320000 0 0 0 0
1354233600 0 0 0 0
1354147200 0 0 0 0
1354060800 0 0 0 0
1353974400 0 0 0 0
1353888000 0 0 0 0
1353801600 0 0 0 0
1353715200 0 0 0 0
1353628800 0 0 0 0
1353542400 0 0 0 0
1353456000 0 0 0 0
1353369600 0 0 0 0
1353283200 0 0 0 0
1353196800 0 0 0 0
1353110400 0 0 0 0
1353024000 0 0 0 0
1352937600 0 0 0 0
1352851200 0 0 0 0
1352764800 0 0 0 0
1352678400 0 0 0 0
1352592000 0 0 0 0
1352505600 0 0 0 0
1352419200 0 0 0 0
1352332800 0 0 0 0
1352246400 0 0 0 0
1352160000 0 0 0 0
1352073600 0 0 0 0
1351987200 0 0 0 0
1351900800 0 0 0 0
1351814400 0 0 0 0
1351728000 0 0 0 0
1351641600 0 0 0 0
1351555200 0 0 0 0
1351468800 0 0 0 0
1351382400 0 0 0 0
1351296000 0 0 0 0
1351209600 0 0 0 0
1351123200 0 0 0 0
1351036800 0 0 0 0
1350950400 0 0 0 0
1350864000 0 0 0 0
1350777600 0 0 0 0
1350691200 0 0 0 0
1350604800 0 0 0 0
1350518400 0 0 0 0
1350432000 0 0 0 0
1350345600 0 0 0 0
1350259200 0 0 0 0
1350172800 0 0 0 0
1350086400 0 0 0 0
1350000000 0 0 0 0
1349913600 0 0 0 0
1349827200 0 0 0 0
1349740800 0 0 0 0
1349654400 0 0 0 0
1349568000 0 0 0 0
1349481600 0 0 0 0
1349395200 0 0 0 0
1349308800 0 0 0 0
1349222400 0 0 0 0
1349136000 0 0 0 0
1349049600 0 0 0 0
1348963200 0 0 0 0
1348876800 0 0 0 0
1348790400 0 0 0 0
1348704000 0 0 0 0
1348617600 0 0 0 0
1348531200 0 0 0 0
1348444800 0 0 0 0
1348358400 0 0 0 0
1348272000 0 0 0 0
1348185600 0 0 0 0
1348099200 0 0 0 0
1348012800 0 0 0 0
1347926400 0 0 0 0
1347840000 0 0 0 0
1347753600 0 0 0 0
1347667200 0 0 0 0
1347580800 0 0 0 0
1347494400 0 0 0 0
1347408000 0 0 0 0
1347321600 0 0 0 0
1347235200 0 0 0 0
1347148800 0 0 0 0
1347062400 0 0 0 0
1346976000 0 0 0 0
1346889600 0 0 0 0
1346803200 0 0 0 0
1346716800 0 0 0 0
1346630400 0 0 0 0
1346544000 0 0 0 0
1346457600 0 0 0 0
1346371200 0 0 0 0
1346284800 0 0 0 0
1346198400 0 0 0 0
1346112000 0 0 0 0
1346025600 0 0 0 0
1345939200 0 0 0 0
1345852800 0 0 0 0
1345766400 0 0 0 0
1345680000 0 0 0 0
1345593600 0 0 0 0
1345507200 0 0 0 0
1345420800 0 0 0 0
1345334400 0 0 0 0
1345248000 0 0 0 0
1345161600 0 0 0 0
1345075200 0 0 0 0
1344988800 0 0 0 0
1344902400 0 0 0 0
1344816000 0 0 0 0
1344729600 0 0 0 0
1344643200 0 0 0 0
1344556800 0 0 0 0
1344470400 0 0 0 0
1344384000 0 0 0 0
1344297600 0 0 0 0
1344211200 0 0 0 0
1344124800 0 0 0 0
1344038400 0 0 0 0
1343952000 0 0 0 0
1343865600 0 0 0 0
1343779200 0 0 0 0
1343692800 0 0 0 0
1343606400 0 0 0 0
1343520000 0 0 0 0
1343433600 0 0 0 0
1343347200 0 0 0 0
1343260800 0 0 0 0
1343174400 0 0 0 0
1343088000 0 0 0 0
1343001600 0 0 0 0
1342915200 0 0 0 0
1342828800 0 0 0 0
1342742400 0 0 0 0
1342656000 0 0 0 0
1342569600 0 0 0 0
1342483200 0 0 0 0
1342396800 0 0 0 0
1342310400 0 0 0 0
1342224000 0 0 0 0
1342137600 0 0 0 0
1342051200 0 0 0 0
1341964800 0 0 0 0
1341878400 0 0 0 0
1341792000 0 0 0 0
1341705600 0 0 0 0
1341619200 0 0 0 0
1341532800 0 0 0 0
1341446400 0 0 0 0
1341360000 0 0 0 0
1341273600 0 0 0 0
1341187200 0 0 0 0
1341100800 0 0 0 0
1341014400 0 0 0 0
1340928000 0 0 0 0
1340841600 0 0 0 0
1340755200 0 0 0 0
1340668800 0 0 0 0
1340582400 0 0 0 0
1340496000 0 0 0 0
1340409600 0 0 0 0
1340323200 0 0 0 0
1340236800 0 0 0 0
1340150400 0 0 0 0
1340064000 0 0 0 0
1339977600 0 0 0 0
1339891200 0 0 0 0
1339804800 0 0 0 0
1339718400 0 0 0 0
1339632000 0 0 0 0
1339545600 0 0 0 0
1339459200 0 0 0 0
1339372800 0 0 0 0
1339286400 0 0 0 0
1339200000 0 0 0 0
1339113600 0 0 0 0
1339027200 0 0 0 0
1338940800 0 0 0 0
1338854400 0 0 0 0
1338768000 0 0 0 0
1338681600 0 0 0 0
1338595200 0 0 0 0
1338508800 0 0 0 0
1338422400 0 0 0 0
1338336000 0 0 0 0
1338249600 0 0 0 0
1338163200 0 0 0 0
1338076800 0 0 0 0
1337990400 0 0 0 0
1337904000 0 0 0 0
1337817600 0 0 0 0
1337731200 0 0 0 0
1337644800 0 0 0 0
1337558400 0 0 0 0
1337472000 0 0 0 0
1337385600 0 0 0 0
1337299200 0 0 0 0
1337212800 0 0 0 0
1337126400 0 0 0 0
1337040000 0 0 0 0
1336953600 0 0 0 0
1336867200 0 0 0 0
1336780800 0 0 0 0
1336694400 0 0 0 0
1336608000 0 0 0 0
1336521600 0 0 0 0
1336435200 0 0 0 0
1336348800 0 0 0 0
1336262400 0 0 0 0
1336176000 0 0 0 0
1336089600 0 0 0 0
1336003200 0 0 0 0
1335916800 0 0 0 0
1335830400 0 0 0 0
1335744000 0 0 0 0
1335657600 0 0 0 0
1335571200 0 0 0 0
1335484800 0 0 0 0
1335398400 0 0 0 0
1335312000 0 0 0 0
1335225600 0 0 0 0
1335139200 0 0 0 0
1335052800 0 0 0 0
1334966400 0 0 0 0
1334880000 0 0 0 0
1334793600 0 0 0 0
1334707200 0 0 0 0
1334620800 0 0 0 0
1334534400 0 0 0 0
1334448000 0 0 0 0
1334361600 0 0 0 0
1334275200 0 0 0 0
1334188800 0 0 0 0
1334102400 0 0 0 0
1334016000 0 0 0 0
1333929600 0 0 0 0
1333843200 0 0 0 0
1333756800 0 0 0 0
1333670400 0 0 0 0
1333584000 0 0 0 0
1333497600 0 0 0 0
1333411200 0 0 0 0
1333324800 0 0 0 0
1333238400 0 0 0 0
1333152000 0 0 0 0
1333065600 0 0 0 0
1332979200 0 0 0 0
1332892800 0 0 0 0
1332806400 0 0 0 0
1332720000 0 0 0 0
1332633600 0 0 0 0
1332547200 0 0 0 0
1332460800 0 0 0 0
1332374400 0 0 0 0
1332288000 0 0 0 0
1332201600 0 0 0 0
1332115200 0 0 0 0
1332028800 0 0 0 0
1331942400 0 0 0 0
1331856000 0 0 0 0
1331769600 0 0 0 0
1331683200 0 0 0 0
1331596800 0 0 0 0
1331510400 0 0 0 0
1331424000 0 0 0 0
1331337600 0 0 0 0
1331251200 0 0 0 0
1331164800 0 0 0 0
1331078400 0 0 0 0
1330992000 0 0 0 0
1330905600 0 0 0 0
1330819200 0 0 0 0
1330732800 0 0 0 0
1330646400 0 0 0 0
1330560000 0 0 0 0
1330473600 0 0 0 0
1330387200 0 0 0 0
1330300800 0 0 0 0
1330214400 0 0 0 0
1330128000 0 0 0 0
1330041600 0 0 0 0
1329955200 0 0 0 0
1329868800 0 0 0 0
1329782400 0 0 0 0
1329696000 0 0 0 0
1329609600 0 0 0 0
1329523200 0 0 0 0
1329436800 0 0 0 0
1329350400 0 0 0 0
1329264000 0 0 0 0
1329177600 0 0 0 0
1329091200 0 0 0 0
1329004800 0 0 0 0
1328918400 0 0 0 0
1328832000 0 0 0 0
1328745600 0 0 0 0
1328659200 0 0 0 0
1328572800 0 0 0 0
1328486400 0 0 0 0
1328400000 0 0 0 0
1328313600 0 0 0 0
1328227200 0 0 0 0
1328140800 0 0 0 0
1328054400 0 0 0 0
1327968000 0 0 0 0
1327881600 0 0 0 0
1327795200 0 0 0 0
1327708800 0 0 0 0
1327622400 0 0 0 0
1327536000 0 0 0 0
1327449600 0 0 0 0
1327363200 0 0 0 0
1327276800 0 0 0 0
1327190400 0 0 0 0
1327104000 0 0 0 0
1327017600 0 0 0 0
1326931200 0 0 0 0
1326844800 0 0 0 0
1326758400 0 0 0 0
1326672000 0 0 0 0
1326585600 0 0 0 0
1326499200 0 0 0 0
1326412800 0 0 0 0
1326326400 0 0 0 0
1326240000 0 0 0 0
1326153600 0 0 0 0
1326067200 0 0 0 0
1325980800 0 0 0 0
1325894400 0 0 0 0
1325808000 0 0 0 0
1325721600 0 0 0 0
1325635200 0 0 0 0
1325548800 0 0 0 0
1325462400 0 0 0 0
1325376000 0 0 0 0
1325289600 0 0 0 0
1325203200 0 0 0 0
1325116800 0 0 0 0
1325030400 0 0 0 0
1324944000 0 0 0 0
1324857600 0 0 0 0
1324771200 0 0 0 0
1324684800 0 0 0 0
1324598400 0 0 0 0
1324512000 0 0 0 0
1324425600 0 0 0 0
1324339200 0 0 0 0
1324252800 0 0 0 0
1324166400 0 0 0 0
1324080000 0 0 0 0
1323993600 0 0 0 0
1323907200 0 0 0 0
1323820800 0 0 0 0
1323734400 0 0 0 0
1323648000 0 0 0 0
1323561600 0 0 0 0
1323475200 0 0 0 0
1323388800 0 0 0 0
1323302400 0 0 0 0
1323216000 0 0 0 0
1323129600 0 0 0 0
1323043200 0 0 0 0
1322956800 0 0 0 0
1322870400 0 0 0 0
1322784000 0 0 0 0
1322697600 0 0 0 0
1322611200 0 0 0 0
1322524800 0 0 0 0
1322438400 0 0 0 0
1322352000 0 0 0 0
1322265600 0 0 0 0
1322179200 0 0 0 0
1322092800 0 0 0 0
1322006400 0 0 0 0
1321920000 0 0 0 0
1321833600 0 0 0 0
1321747200 0 0 0 0
1321660800 0 0 0 0
1321574400 0 0 0 0
1321488000 0 0 0 0
1321401600 0 0 0 0
1321315200 0 0 0 0
1321228800 0 0 0 0
1321142400 0 0 0 0
1321056000 0 0 0 0
1320969600 0 0 0 0
1320883200 0 0 0 0
1320796800 0 0 0 0
1320710400 0 0 0 0
1320624000 0 0 0 0
1320537600 0 0 0 0
1320451200 0 0 0 0
1320364800 0 0 0 0
1320278400 0 0 0 0
1320192000 0 0 0 0
1320105600 0 0 0 0
1320019200 0 0 0 0
1319932800 0 0 0 0
1319846400 0 0 0 0
1319760000 0 0 0 0
1319673600 0 0 0 0
1319587200 0 0 0 0
1319500800 0 0 0 0
1319414400 0 0 0 0
1319328000 0 0 0 0
1319241600 0 0 0 0
1319155200 0 0 0 0
1319068800 0 0 0 0
1318982400 0 0 0 0
1318896000 0 0 0 0
1318809600 0 0 0 0
1318723200 0 0 0 0
1318636800 0 0 0 0
1318550400 0 0 0 0
1318464000 0 0 0 0
1318377600 0 0 0 0
1318291200 0 0 0 0
1318204800 0 0 0 0
1318118400 0 0 0 0
1318032000 0 0 0 0
1317945600 0 0 0 0
1317859200 0 0 0 0
1317772800 0 0 0 0
1317686400 0 0 0 0
1317600000 0 0 0 0
1317513600 0 0 0 0
1317427200 0 0 0 0
1317340800 0 0 0 0
1317254400 0 0 0 0
1317168000 0 0 0 0
1317081600 0 0 0 0
1316995200 0 0 0 0
1316908800 0 0 0 0
1316822400 0 0 0 0
1316736000 0 0 0 0
1316649600 0 0 0 0
1316563200 0 0 0 0
1316476800 0 0 0 0
1316390400 0 0 0 0
1316304000 0 0 0 0
1316217600 0 0 0 0
1316131200 0 0 0 0
1316044800 0 0 0 0
1315958400 0 0 0 0
1315872000 0 0 0 0
1315785600 0 0 0 0
1315699200 0 0 0 0
1315612800 0 0 0 0
1315526400 0 0 0 0
1315440000 0 0 0 0
1315353600 0 0 0 0
1315267200 0 0 0 0
1315180800 0 0 0 0
1315094400 0 0 0 0
1315008000 0 0 0 0
1314921600 0 0 0 0
1314835200 0 0 0 0
1314748800 0 0 0 0
1314662400 0 0 0 0
1314576000 0 0 0 0
1314489600 0 0 0 0
1314403200 0 0 0 0
1314316800 0 0 0 0
1314230400 0 0 0 0
1314144000 0 0 0 0
1314057600 0 0 0 0
1313971200 0 0 0 0
1313884800 0 0 0 0
1313798400 0 0 0 0
1313712000 0 0 0 0
1313625600 0 0 0 0
1313539200 0 0 0 0
1313452800 0 0 0 0
1313366400 0 0 0 0
1313280000 0 0 0 0
1313193600 0 0 0 0
1313107200 0 0 0 0
1313020800 0 0 0 0
1312934400 0 0 0 0
1312848000 0 0 0 0
1312761600 0 0 0 0
1312675200 0 0 0 0
1312588800 0 0 0 0
1312502400 0 0 0 0
1312416000 0 0 0 0
1312329600 0 0 0 0
1312243200 0 0 0 0
1312156800 0 0 0 0
1312070400 0 0 0 0
1311984000 0 0 0 0
1311897600 0 0 0 0
1311811200 0 0 0 0
1311724800 0 0 0 0
1311638400 0 0 0 0
1311552000 0 0 0 0
1311465600 0 0 0 0
1311379200 0 0 0 0
1311292800 0 0 0 0
1311206400 0 0 0 0
1311120000 0 0 0 0
1311033600 0 0 0 0
1310947200 0 0 0 0
1310860800 0 0 0 0
1310774400 0 0 0 0
1310688000 0 0 0 0
