1379451902 439 439
1379451902 439 439 439 439
1379451602 480 480 480 480
1379451600 479 479 480 480
1379451300 416 416 417 417
1379451000 371 371 372 372
1379450700 346 346 362 362
1379450400 362 362 372 372
1379450100 372 372 407 407
1379449800 406 406 407 407
1379449500 357 357 358 358
1379449200 348 348 349 349
1379448900 333 333 334 334
1379448600 331 331 332 332
1379448300 332 332 332 332
1379448000 331 331 332 332
1379447700 307 307 317 317
1379447400 316 316 317 317
1379447100 307 307 321 321
1379446800 321 321 335 335
1379446500 335 335 355 355
1379446200 355 355 386 386
1379445900 386 386 422 422
1379445600 421 421 422 422
1379445300 410 410 493 493
1379445000 492 492 493 493
1379444700 455 455 456 456
1379444400 445 445 458 458
1379444100 457 457 458 458
1379443800 417 417 418 418
1379443500 370 370 379 379
1379443200 378 378 379 379
1379442900 367 367 377 377
1379442600 376 376 377 377
1379442300 359 359 377 377
1379442000 376 376 377 377
1379441700 351 351 370 370
1379441400 369 369 370 370
1379441100 352 352 372 372
1379440800 371 371 372 372
1379440500 339 339 342 342
1379440200 342 342 350 350
1379439900 349 349 350 350
1379439600 317 317 323 323
1379439300 323 323 332 332
1379439000 331 331 332 332
1379438700 320 320 330 330
1379438400 329 329 330 330
1379438100 301 301 336 336
1379437800 335 335 336 336
1379437500 287 287 288 288
1379437200 277 277 278 278
1379436900 255 255 256 256
1379436600 230 230 231 231
1379436300 220 220 227 227
1379436000 227 227 242 242
1379435700 241 241 242 242
1379435400 232 232 233 233
1379435100 232 232 233 233
1379434800 218 218 233 233
1379434500 233 233 239 239
1379434200 239 239 312 312
1379433900 312 312 377 377
1379433600 376 376 377 377
1379433300 306 306 307 307
1379433000 282 282 283 283
1379432700 236 236 282 282
1379432400 282 282 290 290
1379432100 290 290 307 307
1379431800 306 306 307 307
1379431500 304 304 305 305
1379431200 286 286 286 286
1379430900 286 286 286 286
1379430600 285 285 286 286
1379430300 286 286 311 311
1379430000 310 310 311 311
1379429700 298 298 303 303
1379429400 301 301 303 303
1379429100 270 270 302 302
1379428800 301 301 302 302
1379428500 293 293 301 301
1379428200 300 300 301 301
1379427900 297 297 356 356
1379427600 353 353 356 356
1379427300 312 312 406 406
1379427000 401 401 406 406
1379426700 306 306 335 335
1379426400 332 332 335 335
1379426100 286 286 287 287
1379425800 285 285 287 287
1379425500 255 255 267 267
1379425200 266 266 267 267
1379424900 248 248 255 255
1379424600 254 254 255 255
1379424300 251 251 252 252
1379424000 248 248 255 255
1379423700 254 254 255 255
1379423400 238 238 239 239
1379423100 218 218 230 230
1379422800 229 229 230 230
1379422500 214 214 231 231
1379422200 229 229 231 231
1379421900 205 205 239 239
1379421600 238 238 239 239
1379421300 216 216 230 230
1379421000 228 228 230 230
1379420700 184 184 216 216
1379420400 214 214 216 216
1379420100 175 175 213 213
1379419800 209 209 213 213
1379419500 134 134 158 158
1379419200 156 156 158 158
1379418900 118 118 131 131
1379418600 129 129 131 131
1379418300 104 104 116 116
1379418000 114 114 116 116
1379417700 89 89 101 101
1379417400 101 101 107 107
1379417100 106 106 107 107
1379416800 101 101 102 102
1379416500 82 82 85 85
1379416200 84 84 85 85
1379415900 72 72 73 73
1379415600 65 65 66 66
1379415300 64 64 69 69
1379415000 68 68 69 69
1379414700 67 67 68 68
1379414400 57 57 58 58
1379414100 55 55 56 56
1379413800 50 50 53 53
1379413500 53 53 63 63
1379413200 62 62 63 63
1379412900 46 46 47 47
1379412600 40 40 41 41
1379412300 27 27 28 28
1379412000 27 27 28 28
1379411700 24 24 25 25
1379411400 18 18 19 19
1379411100 14 14 16 16
1379410800 15 15 16 16
1379410500 14 14 14 14
1379410200 13 13 14 14
1379409900 12 12 12 12
1379409600 12 12 12 12
1379409300 12 12 12 12
1379409000 12 12 12 12
1379408700 12 12 12 12
1379408400 12 12 12 12
1379408100 12 12 13 13
1379407800 12 12 13 13
1379407500 12 12 12 12
1379407200 12 12 12 12
1379406900 12 12 13 13
1379406600 12 12 13 13
1379406300 12 12 12 12
1379406000 12 12 12 12
1379405700 12 12 12 12
1379405400 12 12 12 12
1379405100 12 12 12 12
1379404800 12 12 12 12
1379404500 12 12 12 12
1379404200 12 12 12 12
1379403900 12 12 12 12
1379403600 12 12 12 12
1379403300 12 12 12 12
1379403000 12 12 12 12
1379402700 11 11 12 12
1379402400 9 9 11 11
1379402100 0 0 0 0
1379401800 2 2 12 12
1379401500 12 12 12 12
1379401200 12 12 12 12
1379400900 12 12 12 12
1379400600 12 12 13 13
1379400300 12 12 13 13
1379400000 12 12 12 12
1379399700 12 12 12 12
1379399400 12 12 12 12
1379399100 12 12 12 12
1379398800 12 12 13 13
1379398500 12 12 13 13
1379398200 12 12 12 12
1379397900 12 12 12 12
1379397600 12 12 12 12
1379397300 12 12 12 12
1379397000 12 12 12 12
1379396700 12 12 12 12
1379396400 12 12 12 12
1379396100 12 12 12 12
1379395800 12 12 12 12
1379395500 12 12 13 13
1379395200 13 13 13 13
1379394900 13 13 13 13
1379394600 12 12 13 13
1379394300 12 12 12 12
1379394000 12 12 13 13
1379393700 13 13 13 13
1379393400 13 13 13 13
1379393100 13 13 13 13
1379392800 13 13 13 13
1379392500 12 12 13 13
1379392200 12 12 13 13
1379391900 12 12 13 13
1379391600 12 12 12 12
1379391300 12 12 12 12
1379391000 12 12 12 12
1379390700 12 12 13 13
1379390400 13 13 13 13
1379390100 13 13 13 13
1379389800 13 13 13 13
1379389500 13 13 13 13
1379389200 12 12 13 13
1379388900 12 12 13 13
1379388600 13 13 14 14
1379388300 14 14 14 14
1379388000 14 14 15 15
1379387700 14 14 15 15
1379387400 14 14 15 15
1379387100 14 14 15 15
1379386800 14 14 14 14
1379386500 14 14 14 14
1379386200 14 14 14 14
1379385900 14 14 14 14
1379385600 14 14 14 14
1379385300 14 14 15 15
1379385000 14 14 15 15
1379384700 14 14 14 14
1379384400 14 14 15 15
1379384100 15 15 15 15
1379383800 15 15 15 15
1379383500 14 14 15 15
1379383200 14 14 16 16
1379382900 16 16 17 17
1379382600 16 16 17 17
1379382300 16 16 18 18
1379382000 18 18 19 19
1379381700 19 19 20 20
1379381400 19 19 20 20
1379381100 18 18 18 18
1379380800 18 18 33 33
1379380500 32 32 33 33
1379380200 33 33 58 58
1379379900 57 57 58 58
1379379600 52 52 87 87
1379379300 87 87 87 87
1379379000 87 87 93 93
1379378700 93 93 98 98
1379378400 98 98 107 107
1379378100 107 107 108 108
1379377800 108 108 117 117
1379377500 117 117 122 122
1379377200 122 122 138 138
1379376900 137 137 138 138
1379376600 134 134 144 144
1379376300 143 143 144 144
1379376000 130 130 148 148
1379375700 147 147 148 148
1379375400 131 131 168 168
1379375100 167 167 168 168
1379374800 155 155 183 183
1379374500 181 181 183 183
1379374200 158 158 195 195
1379373900 194 194 195 195
1379373600 192 192 236 236
1379373300 235 235 236 236
1379373000 219 219 275 275
1379372700 272 272 275 275
1379372400 211 211 212 212
1379372100 200 200 206 206
1379371800 206 206 218 218
1379371500 217 217 218 218
1379371200 211 211 254 254
1379370900 252 252 254 254
1379370600 209 209 232 232
1379370300 227 227 232 232
1379370000 120 120 139 139
1379369700 133 133 139 139
1379369400 121 121 234 234
1379369100 233 233 234 234
1379368800 218 218 241 241
1379368500 239 239 241 241
1379368200 201 201 244 244
1379367900 239 239 244 244
1379367600 149 149 150 150
1379367300 163 163 257 257
1379367000 258 258 286 286
1379366700 286 286 287 287
1379366400 286 286 287 287
1379366100 266 266 329 329
1379365800 327 327 329 329
1379365500 282 282 283 283
1379365200 280 280 281 281
1379364900 270 270 318 318
1379364600 316 316 318 318
1379364300 281 281 283 283
1379364000 255 255 257 257
1379363700 224 224 273 273
1379363400 272 272 273 273
1379363100 251 251 252 252
1379362800 241 241 251 251
1379362500 250 250 251 251
1379362200 250 250 261 261
1379361900 260 260 261 261
1379361600 249 249 250 250
1379361300 246 246 256 256
1379361000 256 256 258 258
1379360700 258 258 268 268
1379360400 267 267 268 268
1379360100 256 256 279 279
1379359800 278 278 279 279
1379359500 277 277 281 281
1379359200 282 282 311 311
1379358900 312 312 347 347
1379358600 348 348 377 377
1379358300 377 377 381 381
1379358000 377 377 381 381
1379357700 309 309 319 319
1379357400 318 318 319 319
1379357100 315 315 317 317
1379356800 316 316 317 317
1379356500 298 298 301 301
1379356200 300 300 301 301
1379355900 282 282 287 287
1379355600 286 286 287 287
1379355300 285 285 304 304
1379355000 303 303 304 304
1379354700 302 302 303 303
1379354400 294 294 295 295
1379354100 280 280 292 292
1379353800 291 291 292 292
1379353500 277 277 299 299
1379353200 299 299 319 319
1379352900 319 319 326 326
1379352600 325 325 326 326
1379352300 304 304 305 305
1379352000 299 299 314 314
1379351700 313 313 314 314
1379351400 306 306 327 327
1379351100 327 327 334 334
1379350800 331 331 334 334
1379350500 282 282 283 283
1379350200 268 268 271 271
1379349900 221 221 241 241
1379349600 240 240 241 241
1379349300 217 217 218 218
1379349000 218 218 233 233
1379348700 232 232 233 233
1379348400 226 226 228 228
1379348100 204 204 271 271
1379347800 269 269 271 271
1379347500 234 234 239 239
1379347200 237 237 239 239
1379346900 207 207 208 208
1379346600 207 207 208 208
1379346300 201 201 201 201
1379346000 202 202 246 246
1379345700 244 244 246 246
1379345400 207 207 216 216
1379345100 215 215 216 216
1379344800 203 203 223 223
1379344500 221 221 223 223
1379344200 200 200 251 251
1379343900 249 249 251 251
1379343600 212 212 265 265
1379343300 262 262 265 265
1379343000 214 214 252 252
1379342700 250 250 252 252
1379342400 222 222 270 270
1379342100 267 267 270 270
1379341800 224 224 281 281
1379341500 277 277 281 281
1379341200 197 197 197 197
1379340900 197 197 197 197
1379340600 197 197 197 197
1379340300 197 197 197 197
1379340000 197 197 208 208
1379339700 208 208 208 208
1379339400 208 208 208 208
1379339100 207 207 208 208
1379338800 186 186 217 217
1379338500 216 216 217 217
1379338200 176 176 186 186
1379337900 185 185 186 186
1379337600 156 156 189 189
1379337300 188 188 189 189
1379337000 160 160 186 186
1379336700 185 185 186 186
1379336400 151 151 157 157
1379336100 156 156 157 157
1379335800 119 119 121 121
1379335500 120 120 121 121
1379335200 0 0 0 0
1379334900 0 0 0 0
1379334600 0 0 0 0
1379334300 0 0 0 0
1379334000 0 0 0 0
1379333700 0 0 0 0
1379333400 0 0 0 0
1379333100 0 0 0 0
1379332800 0 0 0 0
1379332500 0 0 0 0
1379332200 0 0 0 0
1379331900 0 0 0 0
1379331600 0 0 0 0
1379331300 0 0 0 0
1379331000 0 0 0 0
1379330700 0 0 0 0
1379330400 0 0 0 0
1379330100 0 0 0 0
1379329800 0 0 0 0
1379329500 0 0 0 0
1379329200 0 0 0 0
1379328900 0 0 0 0
1379328600 0 0 0 0
1379328300 0 0 0 0
1379328000 0 0 0 0
1379327700 0 0 0 0
1379327400 0 0 0 0
1379327100 0 0 0 0
1379326800 0 0 0 0
1379326500 0 0 0 0
1379326200 0 0 0 0
1379325900 0 0 0 0
1379325600 0 0 0 0
1379325300 0 0 0 0
1379325000 0 0 0 0
1379324700 0 0 0 0
1379324400 0 0 0 0
1379324100 0 0 0 0
1379323800 0 0 0 0
1379323500 0 0 0 0
1379323200 0 0 0 0
1379322900 0 0 0 0
1379322600 0 0 0 0
1379322300 0 0 0 0
1379322000 0 0 0 0
1379321700 0 0 0 0
1379321400 0 0 0 0
1379321100 0 0 0 0
1379320800 0 0 0 0
1379320500 0 0 0 0
1379320200 0 0 0 0
1379319900 0 0 0 0
1379319600 0 0 0 0
1379319300 0 0 0 0
1379319000 0 0 0 0
1379318700 0 0 0 0
1379318400 0 0 0 0
1379318100 0 0 0 0
1379317800 0 0 0 0
1379317500 0 0 0 0
1379317200 0 0 0 0
1379316900 0 0 0 0
1379316600 0 0 0 0
1379316300 0 0 0 0
1379316000 0 0 0 0
1379315700 0 0 0 0
1379315400 0 0 0 0
1379315100 0 0 0 0
1379314800 0 0 0 0
1379314500 0 0 0 0
1379314200 0 0 0 0
1379313900 0 0 0 0
1379313600 0 0 0 0
1379313300 0 0 0 0
1379313000 0 0 0 0
1379312700 0 0 0 0
1379312400 0 0 0 0
1379312100 0 0 0 0
1379311800 0 0 0 0
1379311500 0 0 0 0
1379311200 0 0 0 0
1379310900 0 0 0 0
1379310600 0 0 0 0
1379310300 0 0 0 0
1379310000 0 0 0 0
1379309700 0 0 0 0
1379309400 0 0 0 0
1379309100 0 0 1 1
1379308800 0 0 1 1
1379308500 0 0 0 0
1379308200 0 0 0 0
1379307900 0 0 0 0
1379307600 0 0 0 0
1379307300 0 0 0 0
1379307000 0 0 0 0
1379306700 0 0 1 1
1379306400 0 0 1 1
1379306100 0 0 0 0
1379305800 0 0 0 0
1379305500 0 0 0 0
1379305200 0 0 1 1
1379304900 1 1 1 1
1379304600 1 1 1 1
1379304300 1 1 1 1
1379304000 1 1 1 1
1379303700 1 1 1 1
1379303400 1 1 1 1
1379303100 1 1 1 1
1379302800 1 1 1 1
1379302500 1 1 1 1
1379302200 1 1 1 1
1379301900 1 1 1 1
1379301600 1 1 1 1
1379301300 1 1 1 1
1379301000 1 1 1 1
1379300700 1 1 1 1
1379300400 1 1 1 1
1379300100 1 1 1 1
1379299800 1 1 1 1
1379299500 1 1 1 1
1379299200 1 1 1 1
1379298900 1 1 1 1
1379298600 1 1 1 1
1379298300 1 1 1 1
1379298000 1 1 1 1
1379297700 1 1 1 1
1379297400 1 1 1 1
1379297100 1 1 1 1
1379296800 1 1 2 2
1379296500 1 1 2 2
1379296200 1 1 1 1
1379295900 1 1 1 1
1379295600 1 1 1 1
1379295300 1 1 1 1
1379295000 1 1 1 1
1379294700 1 1 1 1
1379294400 1 1 1 1
1379294100 1 1 1 1
1379293800 1 1 1 1
1379293500 1 1 1 1
1379293200 1 1 1 1
1379292900 1 1 1 1
1379292600 1 1 1 1
1379292300 1 1 1 1
1379292000 1 1 1 1
1379291700 1 1 1 1
1379291400 1 1 1 1
1379291100 1 1 2 2
1379290800 1 1 2 2
1379290500 1 1 1 1
1379290200 1 1 1 1
1379289900 1 1 1 1
1379289600 1 1 1 1
1379289300 1 1 1 1
1379289000 1 1 1 1
1379288700 1 1 1 1
1379288400 1 1 1 1
1379288100 1 1 1 1
1379287800 1 1 1 1
1379287500 1 1 1 1
1379287200 1 1 2 2
1379286900 1 1 2 2
1379286600 1 1 1 1
1379286300 1 1 1 1
1379286000 1 1 1 1
1379285700 1 1 2 2
1379285400 1 1 2 2
1379285100 1 1 1 1
1379284800 1 1 1 1
1379284500 1 1 1 1
1379284200 1 1 1 1
1379283900 1 1 1 1
1379283600 1 1 1 1
1379283300 1 1 1 1
1379283000 1 1 1 1
1379282700 1 1 1 1
1379282400 1 1 1 1
1379282100 1 1 1 1
1379281800 1 1 1 1
1379281500 1 1 2 2
1379281200 2 2 3 3
1379280900 2 2 3 3
1379280600 1 1 1 1
1379280300 1 1 1 1
1379280000 1 1 1 1
1379279700 1 1 1 1
1379279400 1 1 1 1
1379279100 1 1 1 1
1379278800 1 1 1 1
1379278500 1 1 1 1
1379278200 1 1 1 1
1379277900 1 1 2 2
1379277600 2 2 3 3
1379277300 2 2 3 3
1379277000 1 1 1 1
1379276700 1 1 1 1
1379276400 1 1 1 1
1379276100 1 1 1 1
1379275800 1 1 1 1
1379275500 1 1 1 1
1379275200 1 1 1 1
1379274900 1 1 1 1
1379274600 1 1 1 1
1379274300 1 1 1 1
1379274000 1 1 1 1
1379273700 1 1 2 2
1379273400 1 1 2 2
1379273100 1 1 1 1
1379272800 1 1 1 1
1379272500 1 1 1 1
1379272200 1 1 1 1
1379271900 1 1 1 1
1379271600 1 1 1 1
1379269800 1 1 1 1
1379268000 1 1 2 2
1379266200 1 1 3 3
1379264400 2 2 4 4
1379262600 0 0 3 3
1379260800 0 0 0 0
1379259000 0 0 0 0
1379257200 0 0 0 0
1379255400 0 0 1 1
1379253600 1 1 2 2
1379251800 1 1 2 2
1379250000 1 1 2 2
1379248200 1 1 2 2
1379246400 1 1 2 2
1379244600 1 1 1 1
1379242800 1 1 1 1
1379241000 1 1 1 1
1379239200 1 1 1 1
1379237400 1 1 2 2
1379235600 1 1 1 1
1379233800 1 1 2 2
1379232000 1 1 1 1
1379230200 0 0 1 1
1379228400 1 1 1 1
1379226600 1 1 2 2
1379224800 1 1 1 1
1379223000 1 1 2 2
1379221200 1 1 1 1
1379219400 1 1 2 2
1379217600 1 1 1 1
1379215800 1 1 1 1
1379214000 1 1 1 1
1379212200 1 1 3 3
1379210400 1 1 3 3
1379208600 1 1 2 2
1379206800 1 1 2 2
1379205000 1 1 1 1
1379203200 1 1 2 2
1379201400 1 1 2 2
1379199600 1 1 3 3
1379197800 1 1 5 5
1379196000 2 2 4 4
1379194200 1 1 4 4
1379192400 6 6 12 12
1379190600 15 15 19 19
1379188800 12 12 14 14
1379187000 16 16 19 19
1379185200 11 11 15 15
1379183400 9 9 18 18
1379181600 8 8 10 10
1379179800 7 7 13 13
1379178000 10 10 16 16
1379176200 10 10 16 16
1379174400 6 6 13 13
1379172600 16 16 25 25
1379170800 23 23 29 29
1379169000 23 23 27 27
1379167200 23 23 26 26
1379165400 24 24 30 30
1379163600 17 17 22 22
1379161800 12 12 18 18
1379160000 8 8 12 12
1379158200 6 6 15 15
1379156400 2 2 8 8
1379154600 1 1 3 3
1379152800 1 1 2 2
1379151000 1 1 2 2
1379149200 1 1 1 1
1379147400 1 1 1 1
1379145600 1 1 2 2
1379143800 0 0 2 2
1379142000 1 1 2 2
1379140200 1 1 1 1
1379138400 1 1 2 2
1379136600 1 1 2 2
1379134800 1 1 2 2
1379133000 1 1 2 2
1379131200 1 1 1 1
1379129400 0 0 1 1
1379127600 0 0 0 0
1379125800 0 0 0 0
1379124000 0 0 1 1
1379122200 0 0 8 8
1379120400 8 8 19 19
1379118600 18 18 21 21
1379116800 25 25 31 31
1379115000 31 31 41 41
1379113200 35 35 44 44
1379111400 40 40 53 53
1379109600 48 48 58 58
1379107800 52 52 98 98
1379106000 82 82 98 98
1379104200 80 80 114 114
1379102400 94 94 144 144
1379100600 123 123 152 152
1379098800 114 114 128 128
1379097000 108 108 128 128
1379095200 98 98 114 114
1379093400 100 100 119 119
1379091600 90 90 115 115
1379089800 90 90 134 134
1379088000 118 118 134 134
1379086200 133 133 156 156
1379084400 155 155 195 195
1379082600 158 158 175 175
1379080800 142 142 175 175
1379079000 127 127 144 144
1379077200 109 109 122 122
1379075400 111 111 130 130
1379073600 62 62 104 104
1379071800 47 47 57 57
1379070000 24 24 46 46
1379068200 20 20 31 31
1379066400 5 5 15 15
1379064600 0 0 4 4
1379062800 0 0 0 0
1379061000 0 0 0 0
1379059200 0 0 0 0
1379057400 0 0 2 2
1379055600 0 0 1 1
1379053800 0 0 1 1
1379052000 0 0 2 2
1379050200 1 1 2 2
1379048400 1 1 3 3
1379046600 2 2 6 6
1379044800 0 0 4 4
1379043000 1 1 4 4
1379041200 0 0 3 3
1379039400 0 0 4 4
1379037600 2 2 7 7
1379035800 21 21 50 50
1379034000 54 54 78 78
1379032200 62 62 85 85
1379030400 85 85 101 101
1379028600 121 121 148 148
1379026800 136 136 148 148
1379025000 144 144 170 170
1379023200 160 160 210 210
1379021400 250 250 345 345
1379019600 259 259 302 302
1379017800 235 235 266 266
1379016000 258 258 303 303
1379014200 327 327 404 404
1379012400 324 324 370 370
1379010600 274 274 289 289
1379008800 262 262 290 290
1379007000 271 271 329 329
1379005200 225 225 247 247
1379003400 195 195 306 306
1379001600 233 233 306 306
1378999800 204 204 258 258
1378998000 248 248 264 264
1378996200 257 257 306 306
1378994400 230 230 290 290
1378992600 199 199 215 215
1378990800 175 175 193 193
1378989000 170 170 217 217
1378987200 107 107 146 146
1378985400 68 68 83 83
1378983600 47 47 58 58
1378981800 37 37 49 49
1378980000 11 11 30 30
1378978200 0 0 3 3
1378976400 0 0 0 0
1378974600 0 0 0 0
1378972800 0 0 0 0
1378971000 0 0 0 0
1378969200 0 0 1 1
1378967400 0 0 1 1
1378965600 0 0 1 1
1378963800 0 0 1 1
1378962000 0 0 0 0
1378960200 0 0 1 1
1378958400 0 0 1 1
1378956600 0 0 1 1
1378954800 0 0 2 2
1378953000 0 0 3 3
1378951200 0 0 2 2
1378949400 17 17 46 46
1378947600 51 51 67 67
1378945800 79 79 107 107
1378944000 93 93 105 105
1378942200 126 126 166 166
1378940400 156 156 170 170
1378938600 163 163 181 181
1378936800 176 176 197 197
1378935000 200 200 246 246
1378933200 215 215 230 230
1378931400 213 213 224 224
1378929600 237 237 266 266
1378927800 301 301 382 382
1378926000 283 283 334 334
1378924200 251 251 273 273
1378922400 246 246 275 275
1378920600 267 267 283 283
1378918800 228 228 259 259
1378917000 190 190 223 223
1378915200 192 192 223 223
1378913400 180 180 197 197
1378911600 198 198 227 227
1378909800 240 240 281 281
1378908000 222 222 247 247
1378906200 203 203 243 243
1378904400 164 164 177 177
1378902600 156 156 177 177
1378900800 101 101 130 130
1378899000 67 67 78 78
1378897200 48 48 60 60
1378895400 34 34 55 55
1378893600 8 8 21 21
1378891800 1 1 3 3
1378890000 1 1 2 2
1378888200 1 1 2 2
1378886400 1 1 2 2
1378884600 0 0 1 1
1378882800 1 1 2 2
1378881000 1 1 2 2
1378879200 1 1 1 1
1378877400 1 1 1 1
1378875600 1 1 1 1
1378873800 1 1 1 1
1378872000 1 1 2 2
1378870200 1 1 1 1
1378868400 1 1 1 1
1378866600 1 1 1 1
1378864800 1 1 5 5
1378863000 12 12 36 36
1378861200 46 46 61 61
1378859400 59 59 65 65
1378857600 65 65 83 83
1378855800 113 113 145 145
1378854000 137 137 160 160
1378852200 154 154 168 168
1378850400 149 149 178 178
1378848600 208 208 266 266
1378846800 242 242 276 276
1378845000 247 247 276 276
1378843200 224 224 238 238
1378841400 261 261 360 360
1378839600 296 296 360 360
1378837800 258 258 285 285
1378836000 215 215 231 231
1378834200 233 233 270 270
1378832400 192 192 263 263
1378830600 155 155 190 190
1378828800 154 154 196 196
1378827000 134 134 163 163
1378825200 149 149 173 173
1378823400 192 192 242 242
1378821600 201 201 242 242
1378819800 164 164 180 180
1378818000 142 142 158 158
1378816200 139 139 161 161
1378814400 80 80 105 105
1378812600 60 60 79 79
1378810800 52 52 71 71
1378809000 43 43 62 62
1378807200 16 16 31 31
1378805400 12 12 13 13
1378803600 12 12 13 13
1378801800 12 12 13 13
1378800000 12 12 12 12
1378798200 5 5 12 12
1378796400 12 12 12 12
1378794600 12 12 12 12
1378792800 12 12 12 12
1378791000 12 12 13 13
1378789200 12 12 12 12
1378787400 12 12 12 12
1378785600 12 12 12 12
1378783800 12 12 12 12
1378782000 12 12 13 13
1378780200 12 12 13 13
1378778400 12 12 19 19
1378776600 18 18 28 28
1378774800 36 36 45 45
1378773000 66 66 96 96
1378771200 94 94 101 101
1378769400 113 113 133 133
1378767600 124 124 140 140
1378765800 144 144 154 154
1378764000 158 158 196 196
1378762200 196 196 242 242
1378760400 185 185 216 216
1378758600 181 181 197 197
1378756800 205 205 224 224
1378755000 246 246 288 288
1378753200 256 256 278 278
1378751400 223 223 239 239
1378749600 197 197 226 226
1378747800 223 223 250 250
1378746000 181 181 201 201
1378744200 144 144 151 151
1378742400 134 134 152 152
1378740600 124 124 131 131
1378738800 138 138 186 186
1378737000 179 179 214 214
1378735200 153 153 176 176
1378733400 115 115 125 125
1378731600 107 107 131 131
1378729800 111 111 142 142
1378728000 76 76 91 91
1378726200 51 51 69 69
1378724400 39 39 53 53
1378722600 34 34 43 43
1378720800 9 9 21 21
1378719000 1 1 3 3
1378717200 1 1 2 2
1378715400 1 1 1 1
1378713600 1 1 1 1
1378711800 0 0 2 2
1378710000 1 1 1 1
1378708200 1 1 1 1
1378706400 1 1 2 2
1378704600 1 1 1 1
1378702800 1 1 1 1
1378701000 1 1 1 1
1378699200 1 1 1 1
1378697400 1 1 1 1
1378695600 1 1 2 2
1378693800 1 1 2 2
1378692000 1 1 2 2
1378690200 1 1 2 2
1378688400 1 1 2 2
1378686600 1 1 4 4
1378684800 1 1 5 5
1378683000 1 1 3 3
1378681200 1 1 3 3
1378679400 1 1 1 1
1378677600 1 1 2 2
1378675800 1 1 5 5
1378674000 2 2 3 3
1378672200 2 2 3 3
1378670400 2 2 3 3
1378668600 2 2 3 3
1378666800 2 2 3 3
1378665000 2 2 3 3
1378663200 2 2 3 3
1378661400 1 1 2 2
1378659600 1 1 3 3
1378657800 1 1 3 3
1378656000 1 1 5 5
1378654200 1 1 3 3
1378652400 1 1 3 3
1378650600 1 1 3 3
1378648800 1 1 4 4
1378647000 2 2 3 3
1378645200 1 1 2 2
1378643400 2 2 4 4
1378641600 1 1 5 5
1378639800 1 1 2 2
1378638000 1 1 2 2
1378636200 1 1 1 1
1378634400 1 1 1 1
1378632600 1 1 1 1
1378630800 1 1 2 2
1378629000 1 1 1 1
1378627200 1 1 1 1
1378625400 0 0 1 1
1378623600 1 1 1 1
1378621800 1 1 1 1
1378620000 1 1 1 1
1378618200 1 1 1 1
1378616400 1 1 1 1
1378614600 1 1 1 1
1378612800 1 1 1 1
1378611000 1 1 1 1
1378609200 1 1 7 7
1378607400 1 1 2 2
1378605600 1 1 2 2
1378603800 1 1 2 2
1378602000 1 1 3 3
1378600200 1 1 1 1
1378598400 1 1 3 3
1378596600 1 1 3 3
1378594800 1 1 4 4
1378593000 1 1 4 4
1378591200 1 1 3 3
1378589400 1 1 2 2
1378587600 1 1 1 1
1378585800 1 1 3 3
1378584000 1 1 2 2
1378582200 2 2 3 3
1378580400 2 2 6 6
1378578600 2 2 4 4
1378576800 2 2 4 4
1378575000 2 2 7 7
1378573200 2 2 4 4
1378571400 2 2 3 3
1378569600 1 1 3 3
1378567800 1 1 2 2
1378566000 1 1 2 2
1378564200 1 1 1 1
1378562400 1 1 1 1
1378560600 1 1 1 1
1378558800 1 1 1 1
1378557000 1 1 2 2
1378555200 1 1 1 1
1378553400 1 1 1 1
1378551600 1 1 3 3
1378549800 1 1 2 2
1378548000 1 1 1 1
1378546200 1 1 1 1
1378544400 1 1 2 2
1378542600 1 1 1 1
1378540800 1 1 1 1
1378539000 0 0 1 1
1378537200 1 1 1 1
1378535400 1 1 1 1
1378533600 1 1 2 2
1378531800 1 1 1 1
1378530000 1 1 1 1
1378528200 1 1 1 1
1378526400 1 1 1 1
1378524600 1 1 1 1
1378522800 1 1 1 1
1378521000 1 1 2 2
1378519200 1 1 3 3
1378517400 2 2 3 3
1378515600 1 1 3 3
1378513800 1 1 4 4
1378512000 1 1 5 5
1378510200 2 2 6 6
1378508400 2 2 4 4
1378506600 9 9 17 17
1378504800 12 12 20 20
1378503000 16 16 20 20
1378501200 17 17 22 22
1378499400 23 23 29 29
1378497600 29 29 37 37
1378495800 37 37 50 50
1378494000 34 34 42 42
1378492200 34 34 39 39
1378490400 25 25 33 33
1378488600 27 27 33 33
1378486800 28 28 40 40
1378485000 23 23 30 30
1378483200 25 25 48 48
1378481400 32 32 39 39
1378479600 32 32 39 39
1378477800 37 37 47 47
1378476000 33 33 39 39
1378474200 25 25 34 34
1378472400 29 29 33 33
1378470600 23 23 31 31
1378468800 13 13 23 23
1378467000 2 2 4 4
1378465200 2 2 4 4
1378463400 1 1 4 4
1378461600 1 1 2 2
1378459800 1 1 1 1
1378458000 1 1 1 1
1378456200 1 1 1 1
1378454400 1 1 1 1
1378452600 0 0 1 1
1378450800 1 1 2 2
1378449000 1 1 2 2
1378447200 1 1 1 1
1378445400 1 1 1 1
1378443600 1 1 2 2
1378441800 1 1 2 2
1378440000 1 1 1 1
1378438200 1 1 1 1
1378436400 1 1 2 2
1378434600 1 1 2 2
1378432800 1 1 5 5
1378431000 3 3 11 11
1378429200 6 6 13 13
1378427400 9 9 14 14
1378425600 14 14 20 20
1378423800 21 21 35 35
1378422000 29 29 37 37
1378420200 31 31 41 41
1378418400 37 37 44 44
1378416600 50 50 62 62
1378414800 44 44 52 52
1378413000 58 58 75 75
1378411200 62 62 74 74
1378409400 63 63 77 77
1378407600 67 67 72 72
1378405800 73 73 80 80
1378404000 66 66 76 76
1378402200 64 64 76 76
1378400400 47 47 68 68
1378398600 41 41 55 55
1378396800 59 59 71 71
1378395000 65 65 79 79
1378393200 64 64 79 79
1378391400 62 62 68 68
1378389600 64 64 77 77
1378387800 58 58 66 66
1378386000 49 49 59 59
1378384200 39 39 51 51
1378382400 17 17 24 24
1378380600 7 7 11 11
1378378800 3 3 8 8
1378377000 1 1 2 2
1378375200 0 0 2 2
1378373400 0 0 2 2
1378371600 0 0 0 0
1378369800 0 0 0 0
1378368000 0 0 0 0
1378366200 0 0 0 0
1378364400 0 0 0 0
1378362600 0 0 0 0
1378360800 0 0 0 0
1378359000 0 0 0 0
1378357200 0 0 0 0
1378355400 0 0 0 0
1378353600 0 0 1 1
1378351800 0 0 0 0
1378350000 0 0 0 0
1378348200 0 0 1 1
1378346400 0 0 2 2
1378344600 0 0 4 4
1378342800 10 10 19 19
1378341000 15 15 24 24
1378339200 13 13 19 19
1378337400 13 13 21 21
1378335600 18 18 23 23
1378333800 22 22 31 31
1378332000 27 27 31 31
1378330200 30 30 35 35
1378328400 31 31 44 44
1378326600 47 47 60 60
1378324800 60 60 74 74
1378323000 70 70 83 83
1378321200 69 69 78 78
1378319400 62 62 71 71
1378317600 59 59 63 63
1378315800 62 62 82 82
1378314000 52 52 63 63
1378312200 45 45 59 59
1378310400 54 54 75 75
1378308600 45 45 50 50
1378306800 52 52 60 60
1378305000 49 49 58 58
1378303200 45 45 48 48
1378301400 46 46 60 60
1378299600 43 43 51 51
1378297800 33 33 39 39
1378296000 21 21 28 28
1378294200 19 19 25 25
1378292400 4 4 15 15
1378290600 0 0 1 1
1378288800 0 0 1 1
1378287000 0 0 0 0
1378285200 0 0 0 0
1378283400 0 0 0 0
1378281600 0 0 0 0
1378279800 0 0 1 1
1378278000 0 0 0 0
1378276200 0 0 0 0
1378274400 0 0 0 0
1378272600 0 0 0 0
1378270800 0 0 0 0
1378269000 0 0 0 0
1378267200 0 0 0 0
1378265400 0 0 0 0
1378263600 0 0 1 1
1378261800 0 0 1 1
1378260000 0 0 1 1
1378258200 3 3 15 15
1378256400 3 3 8 8
1378254600 5 5 10 10
1378252800 8 8 12 12
1378251000 9 9 14 14
1378249200 14 14 20 20
1378247400 17 17 27 27
1378245600 26 26 33 33
1378243800 38 38 61 61
1378242000 50 50 60 60
1378240200 54 54 68 68
1378238400 64 64 72 72
1378236600 61 61 71 71
1378234800 68 68 73 73
1378233000 78 78 92 92
1378231200 66 66 78 78
1378229400 70 70 88 88
1378227600 61 61 71 71
1378225800 52 52 58 58
1378224000 41 41 53 53
1378222200 47 47 54 54
1378220400 56 56 63 63
1378218600 67 67 75 75
1378216800 73 73 84 84
1378215000 76 76 85 85
1378213200 61 61 67 67
1378211400 51 51 64 64
1378209600 35 35 44 44
1378207800 28 28 33 33
1378206000 23 23 28 28
1378204200 23 23 27 27
1378202400 23 23 26 26
1378200600 22 22 24 24
1378198800 22 22 24 24
1378197000 22 22 24 24
1378195200 23 23 23 23
1378193400 14 14 23 23
1378191600 23 23 23 23
1378188000 22 22 23 23
1378180800 22 22 24 24
1378173600 24 24 38 38
1378166400 29 29 43 43
1378159200 54 54 74 74
1378152000 62 62 76 76
1378144800 59 59 71 71
1378137600 55 55 78 78
1378130400 29 29 50 50
1378123200 12 12 27 27
1378116000 11 11 12 12
1378108800 8 8 11 11
1378101600 11 11 11 11
1378094400 20 20 23 23
1378087200 21 21 22 22
1378080000 21 21 23 23
1378072800 21 21 23 23
1378065600 21 21 23 23
1378058400 21 21 22 22
1378051200 21 21 23 23
1378044000 21 21 21 21
1378036800 21 21 22 22
1378029600 21 21 22 22
1378022400 12 12 21 21
1378015200 11 11 12 12
1378008000 11 11 12 12
1378000800 11 11 13 13
1377993600 11 11 13 13
1377986400 11 11 14 14
1377979200 15 15 28 28
1377972000 24 24 28 28
1377964800 23 23 29 29
1377957600 24 24 30 30
1377950400 22 22 23 23
1377943200 22 22 22 22
1377936000 19 19 22 22
1377928800 22 22 22 22
1377921600 22 22 24 24
1377914400 22 22 26 26
1377907200 22 22 31 31
1377900000 31 31 41 41
1377892800 35 35 44 44
1377885600 36 36 45 45
1377878400 31 31 49 49
1377871200 15 15 26 26
1377864000 2 2 8 8
1377856800 0 0 2 2
1377849600 0 0 1 1
1377842400 0 0 1 1
1377835200 0 0 1 1
1377828000 0 0 7 7
1377820800 7 7 22 22
1377813600 20 20 33 33
1377806400 27 27 35 35
1377799200 26 26 40 40
1377792000 25 25 38 38
1377784800 20 20 32 32
1377777600 1 1 15 15
1377770400 0 0 1 1
1377763200 0 0 0 0
1377756000 0 0 1 1
1377748800 0 0 1 1
1377741600 0 0 6 6
1377734400 8 8 26 26
1377727200 30 30 54 54
1377720000 38 38 51 51
1377712800 34 34 51 51
1377705600 18 18 31 31
1377698400 23 23 40 40
1377691200 40 40 40 40
1377684000 40 40 40 40
1377676800 40 40 40 40
1377669600 40 40 40 40
1377662400 40 40 40 40
1377655200 40 40 40 40
1377648000 40 40 40 40
1377640800 40 40 40 40
1377633600 40 40 40 40
1377626400 40 40 40 40
1377619200 38 38 46 46
1377612000 23 23 35 35
1377604800 4 4 16 16
1377597600 0 0 2 2
1377590400 0 0 0 0
1377583200 0 0 0 0
1377576000 0 0 1 1
1377568800 1 1 10 10
1377561600 7 7 18 18
1377554400 17 17 34 34
1377547200 24 24 34 34
1377540000 24 24 36 36
1377532800 19 19 35 35
1377525600 27 27 41 41
1377518400 13 13 25 25
1377511200 11 11 12 12
1377504000 9 9 12 12
1377496800 11 11 11 11
1377489600 11 11 13 13
1377482400 11 11 12 12
1377475200 11 11 13 13
1377468000 11 11 14 14
1377460800 11 11 12 12
1377453600 11 11 12 12
1377446400 11 11 12 12
1377439200 11 11 11 11
1377432000 11 11 11 11
1377424800 11 11 11 11
1377417600 9 9 12 12
1377410400 11 11 22 22
1377403200 32 32 34 34
1377396000 33 33 34 34
1377388800 33 33 36 36
1377381600 34 34 36 36
1377374400 33 33 38 38
1377367200 33 33 38 38
1377360000 33 33 38 38
1377352800 33 33 38 38
1377345600 33 33 34 34
1377338400 33 33 34 34
1377331200 29 29 33 33
1377324000 33 33 34 34
1377316800 33 33 34 34
1377309600 33 33 37 37
1377302400 37 37 48 48
1377295200 28 28 45 45
1377288000 25 25 36 36
1377280800 18 18 29 29
1377273600 22 22 31 31
1377266400 15 15 26 26
1377259200 2 2 10 10
1377252000 0 0 1 1
1377244800 0 0 0 0
1377237600 0 0 1 1
1377230400 0 0 1 1
1377223200 0 0 5 5
1377216000 9 9 24 24
1377208800 33 33 47 47
1377201600 42 42 55 55
1377194400 33 33 50 50
1377187200 25 25 35 35
1377180000 14 14 27 27
1377172800 4 4 16 16
1377165600 0 0 0 0
1377158400 0 0 1 1
1377151200 0 0 1 1
1377144000 0 0 1 1
1377136800 1 1 7 7
1377129600 9 9 21 21
1377122400 25 25 40 40
1377115200 43 43 55 55
1377108000 35 35 61 61
1377100800 9 9 21 21
1377093600 0 0 0 0
1377086400 0 0 0 0
1377079200 0 0 0 0
1377072000 0 0 0 0
1377064800 0 0 0 0
1377057600 0 0 2 2
1377050400 0 0 9 9
1377043200 5 5 26 26
1377036000 35 35 52 52
1377028800 42 42 59 59
1377021600 27 27 40 40
1377014400 26 26 44 44
1377007200 28 28 49 49
1377000000 2 2 9 9
1376992800 0 0 1 1
1376985600 0 0 0 0
1376978400 0 0 0 0
1376971200 0 0 1 1
1376964000 5 5 24 24
1376956800 22 22 37 37
1376949600 43 43 71 71
1376942400 55 55 68 68
1376935200 39 39 65 65
1376928000 29 29 45 45
1376920800 19 19 34 34
1376913600 0 0 9 9
1376906400 0 0 1 1
1376899200 0 0 0 0
1376892000 0 0 1 1
1376884800 0 0 1 1
1376877600 0 0 1 1
1376870400 0 0 2 2
1376863200 0 0 1 1
1376856000 0 0 1 1
1376848800 0 0 2 2
1376841600 0 0 3 3
1376834400 0 0 0 0
1376827200 0 0 0 0
1376820000 0 0 1 1
1376812800 0 0 0 0
1376805600 0 0 0 0
1376798400 0 0 0 0
1376791200 0 0 3 3
1376784000 0 0 2 2
1376776800 0 0 3 3
1376769600 7 7 21 21
1376762400 20 20 38 38
1376755200 14 14 34 34
1376748000 17 17 36 36
1376740800 1 1 11 11
1376733600 0 0 1 1
1376726400 0 0 2 2
1376719200 0 0 0 0
1376712000 0 0 3 3
1376704800 0 0 7 7
1376697600 15 15 31 31
1376690400 43 43 65 65
1376683200 64 64 82 82
1376676000 56 56 72 72
1376668800 61 61 76 76
1376661600 44 44 65 65
1376654400 8 8 26 26
1376647200 0 0 2 2
1376640000 0 0 0 0
1376632800 0 0 1 1
1376625600 0 0 5 5
1376618400 10 10 32 32
1376611200 58 58 93 93
1376604000 98 98 112 112
1376596800 90 90 105 105
1376589600 82 82 98 98
1376582400 63 63 82 82
1376575200 50 50 85 85
1376568000 9 9 31 31
1376560800 0 0 3 3
1376553600 0 0 0 0
1376546400 0 0 3 3
1376539200 0 0 6 6
1376532000 12 12 34 34
1376524800 55 55 85 85
1376517600 93 93 128 128
1376510400 135 135 159 159
1376503200 125 125 155 155
1376496000 114 114 127 127
1376488800 83 83 123 123
1376481600 15 15 49 49
1376474400 0 0 5 5
1376467200 0 0 0 0
1376460000 0 0 1 1
1376452800 0 0 5 5
1376445600 22 22 64 64
1376438400 82 82 115 115
1376431200 130 130 158 158
1376424000 157 157 181 181
1376416800 169 169 192 192
1376409600 151 151 191 191
1376402400 100 100 147 147
1376395200 22 22 60 60
1376388000 0 0 7 7
1376380800 0 0 0 0
1376373600 0 0 0 0
1376366400 0 0 7 7
1376359200 17 17 42 42
1376352000 66 66 108 108
1376344800 111 111 148 148
1376337600 139 139 166 166
1376330400 127 127 158 158
1376323200 118 118 137 137
1376316000 77 77 117 117
1376308800 16 16 36 36
1376301600 1 1 11 11
1376294400 0 0 0 0
1376287200 0 0 1 1
1376280000 0 0 1 1
1376272800 0 0 2 2
1376265600 0 0 1 1
1376258400 0 0 1 1
1376251200 0 0 2 2
1376244000 0 0 2 2
1376236800 0 0 2 2
1376229600 0 0 1 1
1376222400 0 0 4 4
1376215200 0 0 0 0
1376208000 0 0 0 0
1376200800 0 0 0 0
1376193600 0 0 2 2
1376186400 0 0 2 2
1376179200 0 0 2 2
1376172000 2 2 14 14
1376164800 14 14 24 24
1376157600 14 14 32 32
1376150400 16 16 40 40
1376143200 20 20 40 40
1376136000 3 3 19 19
1376128800 0 0 2 2
1376121600 0 0 0 0
1376114400 0 0 1 1
1376107200 0 0 2 2
1376100000 10 10 27 27
1376092800 52 52 86 86
1376085600 110 110 172 172
1376078400 156 156 205 205
1376071200 142 142 172 172
1376064000 128 128 162 162
1376056800 110 110 153 153
1376049600 33 33 81 81
1376042400 0 0 10 10
1376035200 0 0 2 2
1376028000 0 0 2 2
1376020800 0 0 3 3
1376013600 30 30 73 73
1376006400 115 115 163 163
1375999200 187 187 262 262
1375992000 229 229 266 266
1375984800 232 232 270 270
1375977600 208 208 240 240
1375970400 156 156 224 224
1375963200 36 36 95 95
1375956000 1 1 16 16
1375948800 0 0 0 0
1375941600 0 0 1 1
1375934400 0 0 6 6
1375927200 25 25 68 68
1375920000 116 116 160 160
1375912800 171 171 202 202
1375905600 196 196 243 243
1375898400 198 198 240 240
1375891200 162 162 194 194
1375884000 131 131 171 171
1375876800 42 42 81 81
1375869600 4 4 24 24
1375862400 0 0 2 2
1375855200 1 1 1 1
1375848000 1 1 2 2
1375840800 24 24 78 78
1375833600 125 125 177 177
1375826400 198 198 262 262
1375819200 201 201 263 263
1375812000 177 177 208 208
1375804800 154 154 181 181
1375797600 126 126 171 171
1375790400 34 34 98 98
1375783200 1 1 13 13
1375776000 0 0 1 1
1375768800 0 0 1 1
1375761600 0 0 2 2
1375754400 32 32 96 96
1375747200 132 132 173 173
1375740000 206 206 254 254
1375732800 227 227 253 253
1375725600 189 189 214 214
1375718400 175 175 195 195
1375711200 128 128 192 192
1375704000 35 35 80 80
1375696800 0 0 6 6
1375689600 0 0 0 0
1375682400 0 0 0 0
1375675200 0 0 1 1
1375668000 0 0 4 4
1375660800 1 1 2 2
1375653600 0 0 3 3
1375646400 0 0 3 3
1375639200 0 0 3 3
1375632000 0 0 2 2
1375624800 0 0 3 3
1375617600 0 0 0 0
1375610400 0 0 0 0
1375603200 0 0 1 1
1375596000 0 0 0 0
1375588800 0 0 5 5
1375581600 3 3 7 7
1375574400 1 1 7 7
1375567200 8 8 19 19
1375560000 46 46 71 71
1375552800 68 68 108 108
1375545600 54 54 71 71
1375538400 42 42 100 100
1375531200 2 2 11 11
1375524000 0 0 0 0
1375516800 0 0 1 1
1375509600 0 0 2 2
1375502400 0 0 1 1
1375495200 15 15 54 54
1375488000 57 57 91 91
1375480800 103 103 146 146
1375473600 154 154 184 184
1375466400 131 131 170 170
1375459200 144 144 187 187
1375452000 107 107 146 146
1375444800 30 30 67 67
1375437600 1 1 12 12
1375430400 0 0 0 0
1375423200 0 0 1 1
1375416000 0 0 5 5
1375408800 27 27 64 64
1375401600 87 87 138 138
1375394400 155 155 199 199
1375387200 168 168 205 205
1375380000 137 137 162 162
1375372800 130 130 167 167
1375365600 114 114 145 145
1375358400 42 42 76 76
1375351200 1 1 24 24
1375344000 0 0 0 0
1375336800 0 0 0 0
1375329600 0 0 1 1
1375322400 26 26 73 73
1375315200 96 96 132 132
1375308000 164 164 191 191
1375300800 215 215 262 262
1375293600 207 207 247 247
1375286400 168 168 191 191
1375279200 142 142 190 190
1375272000 35 35 88 88
1375264800 0 0 4 4
1375257600 0 0 0 0
1375250400 0 0 2 2
1375243200 0 0 2 2
1375236000 28 28 81 81
1375228800 146 146 193 193
1375221600 203 203 250 250
1375214400 246 246 295 295
1375207200 199 199 238 238
1375200000 175 175 199 199
1375192800 117 117 154 154
1375185600 38 38 87 87
1375178400 0 0 7 7
1375171200 0 0 1 1
1375164000 0 0 0 0
1375156800 0 0 3 3
1375149600 26 26 88 88
1375142400 115 115 164 164
1375135200 184 184 243 243
1375128000 245 245 295 295
1375120800 201 201 249 249
1375113600 178 178 223 223
1375106400 155 155 211 211
1375099200 48 48 103 103
1375092000 1 1 10 10
1375084800 0 0 1 1
1375077600 0 0 1 1
1375070400 0 0 1 1
1375063200 0 0 2 2
1375056000 0 0 1 1
1375048800 0 0 1 1
1375041600 0 0 2 2
1375034400 0 0 2 2
1375027200 0 0 1 1
1375020000 0 0 1 1
1375012800 0 0 0 0
1375005600 0 0 0 0
1374998400 0 0 0 0
1374991200 0 0 0 0
1374984000 0 0 2 2
1374976800 0 0 1 1
1374969600 0 0 1 1
1374962400 0 0 2 2
1374955200 4 4 13 13
1374948000 3 3 10 10
1374940800 3 3 11 11
1374933600 3 3 8 8
1374926400 0 0 3 3
1374919200 0 0 0 0
1374912000 0 0 0 0
1374904800 0 0 1 1
1374897600 0 0 3 3
1374890400 0 0 6 6
1374883200 10 10 21 21
1374876000 20 20 35 35
1374868800 32 32 37 37
1374861600 34 34 34 34
1374854400 32 32 48 48
1374847200 30 30 47 47
1374840000 4 4 15 15
1374832800 0 0 2 2
1374825600 0 0 1 1
1374818400 0 0 1 1
1374811200 0 0 2 2
1374804000 11 11 23 23
1374796800 35 35 55 55
1374789600 37 37 55 55
1374782400 56 56 82 82
1374775200 56 56 74 74
1374768000 46 46 65 65
1374760800 31 31 59 59
1374753600 2 2 16 16
1374746400 0 0 1 1
1374739200 0 0 1 1
1374732000 0 0 1 1
1374724800 3 3 9 9
1374717600 24 24 62 62
1374710400 76 76 111 111
1374703200 118 118 155 155
1374696000 148 148 199 199
1374688800 132 132 190 190
1374681600 103 103 180 180
1374674400 114 114 137 137
1374667200 47 47 98 98
1374660000 0 0 10 10
1374652800 0 0 0 0
1374645600 0 0 1 1
1374638400 3 3 10 10
1374631200 17 17 48 48
1374624000 96 96 155 155
1374616800 161 161 234 234
1374609600 216 216 264 264
1374602400 0 0 0 0
1374595200 121 121 182 182
1374588000 142 142 173 173
1374580800 45 45 102 102
1374573600 2 2 6 6
1374566400 0 0 3 3
1374559200 0 0 3 3
1374552000 4 4 10 10
1374544800 30 30 72 72
1374537600 106 106 158 158
1374530400 152 152 173 173
1374523200 185 185 232 232
1374516000 169 169 225 225
1374508800 165 165 204 204
1374501600 141 141 196 196
1374494400 35 35 76 76
1374487200 0 0 11 11
1374480000 0 0 0 0
1374472800 0 0 2 2
1374465600 0 0 3 3
1374458400 0 0 5 5
1374451200 0 0 3 3
1374444000 0 0 2 2
1374436800 0 0 4 4
1374429600 0 0 2 2
1374422400 0 0 2 2
1374415200 0 0 2 2
1374408000 0 0 4 4
1374400800 0 0 3 3
1374393600 0 0 3 3
1374386400 0 0 1 1
1374379200 0 0 2 2
1374372000 2 2 7 7
1374364800 1 1 6 6
1374357600 2 2 10 10
1374350400 13 13 26 26
1374343200 15 15 29 29
1374336000 16 16 26 26
1374328800 13 13 21 21
1374321600 2 2 16 16
1374314400 0 0 0 0
1374307200 0 0 1 1
1374300000 0 0 2 2
1374292800 0 0 2 2
1374285600 6 6 20 20
1374278400 29 29 55 55
1374271200 79 79 118 118
1374264000 135 135 165 165
1374256800 137 137 165 165
1374249600 120 120 151 151
1374242400 101 101 134 134
1374235200 35 35 71 71
1374228000 0 0 10 10
1374220800 0 0 2 2
1374213600 0 0 2 2
1374206400 0 0 7 7
1374199200 39 39 108 108
1374192000 135 135 171 171
1374184800 193 193 264 264
1374177600 243 243 290 290
1374170400 190 190 224 224
1374163200 204 204 243 243
1374156000 160 160 243 243
1374148800 50 50 107 107
1374141600 0 0 4 4
1374134400 0 0 5 5
1374127200 0 0 1 1
1374120000 0 0 3 3
1374112800 26 26 75 75
1374105600 119 119 157 157
1374098400 160 160 188 188
1374091200 195 195 237 237
1374084000 158 158 228 228
1374076800 114 114 152 152
1374069600 98 98 138 138
1374062400 28 28 68 68
1374055200 0 0 7 7
1374048000 0 0 1 1
1374040800 1 1 2 2
1374033600 1 1 3 3
1374026400 18 18 56 56
1374019200 109 109 158 158
1374012000 159 159 190 190
1374004800 194 194 227 227
1373997600 148 148 189 189
1373990400 160 160 192 192
1373983200 137 137 185 185
1373976000 135 135 135 135
1373968800 135 135 135 135
1373961600 135 135 135 135
1373954400 135 135 135 135
1373947200 135 135 135 135
1373940000 135 135 135 135
1373932800 135 135 135 135
1373925600 138 138 173 173
1373918400 165 165 200 200
1373911200 134 134 175 175
1373904000 118 118 152 152
1373896800 97 97 139 139
1373889600 24 24 65 65
1373882400 0 0 6 6
1373875200 0 0 1 1
1373868000 0 0 3 3
1373846400 0 0 5 5
1373760000 9 9 141 141
1373673600 38 38 151 151
1373587200 41 41 124 124
1373500800 67 67 236 236
1373414400 24 24 168 168
1373328000 0 0 0 0
1373241600 0 0 0 0
1373155200 0 0 0 0
1373068800 0 0 0 0
1372982400 0 0 0 0
1372896000 0 0 0 0
1372809600 0 0 0 0
1372723200 0 0 0 0
1372636800 0 0 0 0
1372550400 0 0 0 0
1372464000 0 0 0 0
1372377600 0 0 0 0
1372291200 0 0 0 0
1372204800 0 0 0 0
1372118400 0 0 0 0
1372032000 0 0 0 0
1371945600 0 0 0 0
1371859200 0 0 0 0
1371772800 0 0 0 0
1371686400 0 0 0 0
1371600000 0 0 0 0
1371513600 0 0 0 0
1371427200 0 0 0 0
1371340800 0 0 0 0
1371254400 0 0 0 0
1371168000 0 0 0 0
1371081600 0 0 0 0
1370995200 0 0 0 0
1370908800 0 0 0 0
1370822400 0 0 0 0
1370736000 0 0 0 0
1370649600 0 0 0 0
1370563200 0 0 0 0
1370476800 0 0 0 0
1370390400 0 0 0 0
1370304000 0 0 0 0
1370217600 0 0 0 0
1370131200 0 0 0 0
1370044800 0 0 0 0
1369958400 0 0 0 0
1369872000 0 0 0 0
1369785600 0 0 0 0
1369699200 0 0 0 0
1369612800 0 0 0 0
1369526400 0 0 0 0
1369440000 0 0 0 0
1369353600 0 0 0 0
1369267200 0 0 0 0
1369180800 0 0 0 0
1369094400 0 0 0 0
1369008000 0 0 0 0
1368921600 0 0 0 0
1368835200 0 0 0 0
1368748800 0 0 0 0
1368662400 0 0 0 0
1368576000 0 0 0 0
1368489600 0 0 0 0
1368403200 0 0 0 0
1368316800 0 0 0 0
1368230400 0 0 0 0
1368144000 0 0 0 0
1368057600 0 0 0 0
1367971200 0 0 0 0
1367884800 0 0 0 0
1367798400 0 0 0 0
1367712000 0 0 0 0
1367625600 0 0 0 0
1367539200 0 0 0 0
1367452800 0 0 0 0
1367366400 0 0 0 0
1367280000 0 0 0 0
1367193600 0 0 0 0
1367107200 0 0 0 0
1367020800 0 0 0 0
1366934400 0 0 0 0
1366848000 0 0 0 0
1366761600 0 0 0 0
1366675200 0 0 0 0
1366588800 0 0 0 0
1366502400 0 0 0 0
1366416000 0 0 0 0
1366329600 0 0 0 0
1366243200 0 0 0 0
1366156800 0 0 0 0
1366070400 0 0 0 0
1365984000 0 0 0 0
1365897600 0 0 0 0
1365811200 0 0 0 0
1365724800 0 0 0 0
1365638400 0 0 0 0
1365552000 0 0 0 0
1365465600 0 0 0 0
1365379200 0 0 0 0
1365292800 0 0 0 0
1365206400 0 0 0 0
1365120000 0 0 0 0
1365033600 0 0 0 0
1364947200 0 0 0 0
1364860800 0 0 0 0
1364774400 0 0 0 0
1364688000 0 0 0 0
1364601600 0 0 0 0
1364515200 0 0 0 0
1364428800 0 0 0 0
1364342400 0 0 0 0
1364256000 0 0 0 0
1364169600 0 0 0 0
1364083200 0 0 0 0
1363996800 0 0 0 0
1363910400 0 0 0 0
1363824000 0 0 0 0
1363737600 0 0 0 0
1363651200 0 0 0 0
1363564800 0 0 0 0
1363478400 0 0 0 0
1363392000 0 0 0 0
1363305600 0 0 0 0
1363219200 0 0 0 0
1363132800 0 0 0 0
1363046400 0 0 0 0
1362960000 0 0 0 0
1362873600 0 0 0 0
1362787200 0 0 0 0
1362700800 0 0 0 0
1362614400 0 0 0 0
1362528000 0 0 0 0
1362441600 0 0 0 0
1362355200 0 0 0 0
1362268800 0 0 0 0
1362182400 0 0 0 0
1362096000 0 0 0 0
1362009600 0 0 0 0
1361923200 0 0 0 0
1361836800 0 0 0 0
1361750400 0 0 0 0
1361664000 0 0 0 0
1361577600 0 0 0 0
1361491200 0 0 0 0
1361404800 0 0 0 0
1361318400 0 0 0 0
1361232000 0 0 0 0
1361145600 0 0 0 0
1361059200 0 0 0 0
1360972800 0 0 0 0
1360886400 0 0 0 0
1360800000 0 0 0 0
1360713600 0 0 0 0
1360627200 0 0 0 0
1360540800 0 0 0 0
1360454400 0 0 0 0
1360368000 0 0 0 0
1360281600 0 0 0 0
1360195200 0 0 0 0
1360108800 0 0 0 0
1360022400 0 0 0 0
1359936000 0 0 0 0
1359849600 0 0 0 0
1359763200 0 0 0 0
1359676800 0 0 0 0
1359590400 0 0 0 0
1359504000 0 0 0 0
1359417600 0 0 0 0
1359331200 0 0 0 0
1359244800 0 0 0 0
1359158400 0 0 0 0
1359072000 0 0 0 0
1358985600 0 0 0 0
1358899200 0 0 0 0
1358812800 0 0 0 0
1358726400 0 0 0 0
1358640000 0 0 0 0
1358553600 0 0 0 0
1358467200 0 0 0 0
1358380800 0 0 0 0
1358294400 0 0 0 0
1358208000 0 0 0 0
1358121600 0 0 0 0
1358035200 0 0 0 0
1357948800 0 0 0 0
1357862400 0 0 0 0
1357776000 0 0 0 0
1357689600 0 0 0 0
1357603200 0 0 0 0
1357516800 0 0 0 0
1357430400 0 0 0 0
1357344000 0 0 0 0
1357257600 0 0 0 0
1357171200 0 0 0 0
1357084800 0 0 0 0
1356998400 0 0 0 0
1356912000 0 0 0 0
1356825600 0 0 0 0
1356739200 0 0 0 0
1356652800 0 0 0 0
1356566400 0 0 0 0
1356480000 0 0 0 0
1356393600 0 0 0 0
1356307200 0 0 0 0
1356220800 0 0 0 0
1356134400 0 0 0 0
1356048000 0 0 0 0
1355961600 0 0 0 0
1355875200 0 0 0 0
1355788800 0 0 0 0
1355702400 0 0 0 0
1355616000 0 0 0 0
1355529600 0 0 0 0
1355443200 0 0 0 0
1355356800 0 0 0 0
1355270400 0 0 0 0
1355184000 0 0 0 0
1355097600 0 0 0 0
1355011200 0 0 0 0
1354924800 0 0 0 0
1354838400 0 0 0 0
1354752000 0 0 0 0
1354665600 0 0 0 0
1354579200 0 0 0 0
1354492800 0 0 0 0
1354406400 0 0 0 0
1354320000 0 0 0 0
1354233600 0 0 0 0
1354147200 0 0 0 0
1354060800 0 0 0 0
1353974400 0 0 0 0
1353888000 0 0 0 0
1353801600 0 0 0 0
1353715200 0 0 0 0
1353628800 0 0 0 0
1353542400 0 0 0 0
1353456000 0 0 0 0
1353369600 0 0 0 0
1353283200 0 0 0 0
1353196800 0 0 0 0
1353110400 0 0 0 0
1353024000 0 0 0 0
1352937600 0 0 0 0
1352851200 0 0 0 0
1352764800 0 0 0 0
1352678400 0 0 0 0
1352592000 0 0 0 0
1352505600 0 0 0 0
1352419200 0 0 0 0
1352332800 0 0 0 0
1352246400 0 0 0 0
1352160000 0 0 0 0
1352073600 0 0 0 0
1351987200 0 0 0 0
1351900800 0 0 0 0
1351814400 0 0 0 0
1351728000 0 0 0 0
1351641600 0 0 0 0
1351555200 0 0 0 0
1351468800 0 0 0 0
1351382400 0 0 0 0
1351296000 0 0 0 0
1351209600 0 0 0 0
1351123200 0 0 0 0
1351036800 0 0 0 0
1350950400 0 0 0 0
1350864000 0 0 0 0
1350777600 0 0 0 0
1350691200 0 0 0 0
1350604800 0 0 0 0
1350518400 0 0 0 0
1350432000 0 0 0 0
1350345600 0 0 0 0
1350259200 0 0 0 0
1350172800 0 0 0 0
1350086400 0 0 0 0
1350000000 0 0 0 0
1349913600 0 0 0 0
1349827200 0 0 0 0
1349740800 0 0 0 0
1349654400 0 0 0 0
1349568000 0 0 0 0
1349481600 0 0 0 0
1349395200 0 0 0 0
1349308800 0 0 0 0
1349222400 0 0 0 0
1349136000 0 0 0 0
1349049600 0 0 0 0
1348963200 0 0 0 0
1348876800 0 0 0 0
1348790400 0 0 0 0
1348704000 0 0 0 0
1348617600 0 0 0 0
1348531200 0 0 0 0
1348444800 0 0 0 0
1348358400 0 0 0 0
1348272000 0 0 0 0
1348185600 0 0 0 0
1348099200 0 0 0 0
1348012800 0 0 0 0
1347926400 0 0 0 0
1347840000 0 0 0 0
1347753600 0 0 0 0
1347667200 0 0 0 0
1347580800 0 0 0 0
1347494400 0 0 0 0
1347408000 0 0 0 0
1347321600 0 0 0 0
1347235200 0 0 0 0
1347148800 0 0 0 0
1347062400 0 0 0 0
1346976000 0 0 0 0
1346889600 0 0 0 0
1346803200 0 0 0 0
1346716800 0 0 0 0
1346630400 0 0 0 0
1346544000 0 0 0 0
1346457600 0 0 0 0
1346371200 0 0 0 0
1346284800 0 0 0 0
1346198400 0 0 0 0
1346112000 0 0 0 0
1346025600 0 0 0 0
1345939200 0 0 0 0
1345852800 0 0 0 0
1345766400 0 0 0 0
1345680000 0 0 0 0
1345593600 0 0 0 0
1345507200 0 0 0 0
1345420800 0 0 0 0
1345334400 0 0 0 0
1345248000 0 0 0 0
1345161600 0 0 0 0
1345075200 0 0 0 0
1344988800 0 0 0 0
1344902400 0 0 0 0
1344816000 0 0 0 0
1344729600 0 0 0 0
1344643200 0 0 0 0
1344556800 0 0 0 0
1344470400 0 0 0 0
1344384000 0 0 0 0
1344297600 0 0 0 0
1344211200 0 0 0 0
1344124800 0 0 0 0
1344038400 0 0 0 0
1343952000 0 0 0 0
1343865600 0 0 0 0
1343779200 0 0 0 0
1343692800 0 0 0 0
1343606400 0 0 0 0
1343520000 0 0 0 0
1343433600 0 0 0 0
1343347200 0 0 0 0
1343260800 0 0 0 0
1343174400 0 0 0 0
1343088000 0 0 0 0
1343001600 0 0 0 0
1342915200 0 0 0 0
1342828800 0 0 0 0
1342742400 0 0 0 0
1342656000 0 0 0 0
1342569600 0 0 0 0
1342483200 0 0 0 0
1342396800 0 0 0 0
1342310400 0 0 0 0
1342224000 0 0 0 0
1342137600 0 0 0 0
1342051200 0 0 0 0
1341964800 0 0 0 0
1341878400 0 0 0 0
1341792000 0 0 0 0
1341705600 0 0 0 0
1341619200 0 0 0 0
1341532800 0 0 0 0
1341446400 0 0 0 0
1341360000 0 0 0 0
1341273600 0 0 0 0
1341187200 0 0 0 0
1341100800 0 0 0 0
1341014400 0 0 0 0
1340928000 0 0 0 0
1340841600 0 0 0 0
1340755200 0 0 0 0
1340668800 0 0 0 0
1340582400 0 0 0 0
1340496000 0 0 0 0
1340409600 0 0 0 0
1340323200 0 0 0 0
1340236800 0 0 0 0
1340150400 0 0 0 0
1340064000 0 0 0 0
1339977600 0 0 0 0
1339891200 0 0 0 0
1339804800 0 0 0 0
1339718400 0 0 0 0
1339632000 0 0 0 0
1339545600 0 0 0 0
1339459200 0 0 0 0
1339372800 0 0 0 0
1339286400 0 0 0 0
1339200000 0 0 0 0
1339113600 0 0 0 0
1339027200 0 0 0 0
1338940800 0 0 0 0
1338854400 0 0 0 0
1338768000 0 0 0 0
1338681600 0 0 0 0
1338595200 0 0 0 0
1338508800 0 0 0 0
1338422400 0 0 0 0
1338336000 0 0 0 0
1338249600 0 0 0 0
1338163200 0 0 0 0
1338076800 0 0 0 0
1337990400 0 0 0 0
1337904000 0 0 0 0
1337817600 0 0 0 0
1337731200 0 0 0 0
1337644800 0 0 0 0
1337558400 0 0 0 0
1337472000 0 0 0 0
1337385600 0 0 0 0
1337299200 0 0 0 0
1337212800 0 0 0 0
1337126400 0 0 0 0
1337040000 0 0 0 0
1336953600 0 0 0 0
1336867200 0 0 0 0
1336780800 0 0 0 0
1336694400 0 0 0 0
1336608000 0 0 0 0
1336521600 0 0 0 0
1336435200 0 0 0 0
1336348800 0 0 0 0
1336262400 0 0 0 0
1336176000 0 0 0 0
1336089600 0 0 0 0
1336003200 0 0 0 0
1335916800 0 0 0 0
1335830400 0 0 0 0
1335744000 0 0 0 0
1335657600 0 0 0 0
1335571200 0 0 0 0
1335484800 0 0 0 0
1335398400 0 0 0 0
1335312000 0 0 0 0
1335225600 0 0 0 0
1335139200 0 0 0 0
1335052800 0 0 0 0
1334966400 0 0 0 0
1334880000 0 0 0 0
1334793600 0 0 0 0
1334707200 0 0 0 0
1334620800 0 0 0 0
1334534400 0 0 0 0
1334448000 0 0 0 0
1334361600 0 0 0 0
1334275200 0 0 0 0
1334188800 0 0 0 0
1334102400 0 0 0 0
1334016000 0 0 0 0
1333929600 0 0 0 0
1333843200 0 0 0 0
1333756800 0 0 0 0
1333670400 0 0 0 0
1333584000 0 0 0 0
1333497600 0 0 0 0
1333411200 0 0 0 0
1333324800 0 0 0 0
1333238400 0 0 0 0
1333152000 0 0 0 0
1333065600 0 0 0 0
1332979200 0 0 0 0
1332892800 0 0 0 0
1332806400 0 0 0 0
1332720000 0 0 0 0
1332633600 0 0 0 0
1332547200 0 0 0 0
1332460800 0 0 0 0
1332374400 0 0 0 0
1332288000 0 0 0 0
1332201600 0 0 0 0
1332115200 0 0 0 0
1332028800 0 0 0 0
1331942400 0 0 0 0
1331856000 0 0 0 0
1331769600 0 0 0 0
1331683200 0 0 0 0
1331596800 0 0 0 0
1331510400 0 0 0 0
1331424000 0 0 0 0
1331337600 0 0 0 0
1331251200 0 0 0 0
1331164800 0 0 0 0
1331078400 0 0 0 0
1330992000 0 0 0 0
1330905600 0 0 0 0
1330819200 0 0 0 0
1330732800 0 0 0 0
1330646400 0 0 0 0
1330560000 0 0 0 0
1330473600 0 0 0 0
1330387200 0 0 0 0
1330300800 0 0 0 0
1330214400 0 0 0 0
1330128000 0 0 0 0
1330041600 0 0 0 0
1329955200 0 0 0 0
1329868800 0 0 0 0
1329782400 0 0 0 0
1329696000 0 0 0 0
1329609600 0 0 0 0
1329523200 0 0 0 0
1329436800 0 0 0 0
1329350400 0 0 0 0
1329264000 0 0 0 0
1329177600 0 0 0 0
1329091200 0 0 0 0
1329004800 0 0 0 0
1328918400 0 0 0 0
1328832000 0 0 0 0
1328745600 0 0 0 0
1328659200 0 0 0 0
1328572800 0 0 0 0
1328486400 0 0 0 0
1328400000 0 0 0 0
1328313600 0 0 0 0
1328227200 0 0 0 0
1328140800 0 0 0 0
1328054400 0 0 0 0
1327968000 0 0 0 0
1327881600 0 0 0 0
1327795200 0 0 0 0
1327708800 0 0 0 0
1327622400 0 0 0 0
1327536000 0 0 0 0
1327449600 0 0 0 0
1327363200 0 0 0 0
1327276800 0 0 0 0
1327190400 0 0 0 0
1327104000 0 0 0 0
1327017600 0 0 0 0
1326931200 0 0 0 0
1326844800 0 0 0 0
1326758400 0 0 0 0
1326672000 0 0 0 0
1326585600 0 0 0 0
1326499200 0 0 0 0
1326412800 0 0 0 0
1326326400 0 0 0 0
1326240000 0 0 0 0
1326153600 0 0 0 0
1326067200 0 0 0 0
1325980800 0 0 0 0
1325894400 0 0 0 0
1325808000 0 0 0 0
1325721600 0 0 0 0
1325635200 0 0 0 0
1325548800 0 0 0 0
1325462400 0 0 0 0
1325376000 0 0 0 0
1325289600 0 0 0 0
1325203200 0 0 0 0
1325116800 0 0 0 0
1325030400 0 0 0 0
1324944000 0 0 0 0
1324857600 0 0 0 0
1324771200 0 0 0 0
1324684800 0 0 0 0
1324598400 0 0 0 0
1324512000 0 0 0 0
1324425600 0 0 0 0
1324339200 0 0 0 0
1324252800 0 0 0 0
1324166400 0 0 0 0
1324080000 0 0 0 0
1323993600 0 0 0 0
1323907200 0 0 0 0
1323820800 0 0 0 0
1323734400 0 0 0 0
1323648000 0 0 0 0
1323561600 0 0 0 0
1323475200 0 0 0 0
1323388800 0 0 0 0
1323302400 0 0 0 0
1323216000 0 0 0 0
1323129600 0 0 0 0
1323043200 0 0 0 0
1322956800 0 0 0 0
1322870400 0 0 0 0
1322784000 0 0 0 0
1322697600 0 0 0 0
1322611200 0 0 0 0
1322524800 0 0 0 0
1322438400 0 0 0 0
1322352000 0 0 0 0
1322265600 0 0 0 0
1322179200 0 0 0 0
1322092800 0 0 0 0
1322006400 0 0 0 0
1321920000 0 0 0 0
1321833600 0 0 0 0
1321747200 0 0 0 0
1321660800 0 0 0 0
1321574400 0 0 0 0
1321488000 0 0 0 0
1321401600 0 0 0 0
1321315200 0 0 0 0
1321228800 0 0 0 0
1321142400 0 0 0 0
1321056000 0 0 0 0
1320969600 0 0 0 0
1320883200 0 0 0 0
1320796800 0 0 0 0
1320710400 0 0 0 0
1320624000 0 0 0 0
1320537600 0 0 0 0
1320451200 0 0 0 0
1320364800 0 0 0 0
1320278400 0 0 0 0
1320192000 0 0 0 0
1320105600 0 0 0 0
1320019200 0 0 0 0
1319932800 0 0 0 0
1319846400 0 0 0 0
1319760000 0 0 0 0
1319673600 0 0 0 0
1319587200 0 0 0 0
1319500800 0 0 0 0
1319414400 0 0 0 0
1319328000 0 0 0 0
1319241600 0 0 0 0
1319155200 0 0 0 0
1319068800 0 0 0 0
1318982400 0 0 0 0
1318896000 0 0 0 0
1318809600 0 0 0 0
1318723200 0 0 0 0
1318636800 0 0 0 0
1318550400 0 0 0 0
1318464000 0 0 0 0
1318377600 0 0 0 0
1318291200 0 0 0 0
1318204800 0 0 0 0
1318118400 0 0 0 0
1318032000 0 0 0 0
1317945600 0 0 0 0
1317859200 0 0 0 0
1317772800 0 0 0 0
1317686400 0 0 0 0
1317600000 0 0 0 0
1317513600 0 0 0 0
1317427200 0 0 0 0
1317340800 0 0 0 0
1317254400 0 0 0 0
1317168000 0 0 0 0
1317081600 0 0 0 0
1316995200 0 0 0 0
1316908800 0 0 0 0
1316822400 0 0 0 0
1316736000 0 0 0 0
1316649600 0 0 0 0
1316563200 0 0 0 0
1316476800 0 0 0 0
1316390400 0 0 0 0
1316304000 0 0 0 0
1316217600 0 0 0 0
1316131200 0 0 0 0
1316044800 0 0 0 0
1315958400 0 0 0 0
1315872000 0 0 0 0
1315785600 0 0 0 0
1315699200 0 0 0 0
1315612800 0 0 0 0
1315526400 0 0 0 0
1315440000 0 0 0 0
1315353600 0 0 0 0
1315267200 0 0 0 0
1315180800 0 0 0 0
1315094400 0 0 0 0
1315008000 0 0 0 0
1314921600 0 0 0 0
1314835200 0 0 0 0
1314748800 0 0 0 0
1314662400 0 0 0 0
1314576000 0 0 0 0
1314489600 0 0 0 0
1314403200 0 0 0 0
1314316800 0 0 0 0
1314230400 0 0 0 0
1314144000 0 0 0 0
1314057600 0 0 0 0
1313971200 0 0 0 0
1313884800 0 0 0 0
1313798400 0 0 0 0
1313712000 0 0 0 0
1313625600 0 0 0 0
1313539200 0 0 0 0
1313452800 0 0 0 0
1313366400 0 0 0 0
1313280000 0 0 0 0
1313193600 0 0 0 0
1313107200 0 0 0 0
1313020800 0 0 0 0
1312934400 0 0 0 0
1312848000 0 0 0 0
1312761600 0 0 0 0
1312675200 0 0 0 0
1312588800 0 0 0 0
1312502400 0 0 0 0
1312416000 0 0 0 0
1312329600 0 0 0 0
1312243200 0 0 0 0
1312156800 0 0 0 0
1312070400 0 0 0 0
1311984000 0 0 0 0
1311897600 0 0 0 0
1311811200 0 0 0 0
1311724800 0 0 0 0
1311638400 0 0 0 0
1311552000 0 0 0 0
1311465600 0 0 0 0
1311379200 0 0 0 0
1311292800 0 0 0 0
1311206400 0 0 0 0
1311120000 0 0 0 0
1311033600 0 0 0 0
1310947200 0 0 0 0
1310860800 0 0 0 0
1310774400 0 0 0 0
1310688000 0 0 0 0
